[2021-07-16 17:22:38,549] {scheduler_job.py:181} INFO - Started process (PID=344) to work on /home/airflow/.local/lib/python3.6/site-packages/airflow/example_dags/example_task_group_decorator.py
[2021-07-16 17:22:38,551] {scheduler_job.py:632} INFO - Processing file /home/airflow/.local/lib/python3.6/site-packages/airflow/example_dags/example_task_group_decorator.py for tasks to queue
[2021-07-16 17:22:38,552] {logging_mixin.py:104} INFO - [2021-07-16 17:22:38,552] {dagbag.py:496} INFO - Filling up the DagBag from /home/airflow/.local/lib/python3.6/site-packages/airflow/example_dags/example_task_group_decorator.py
[2021-07-16 17:22:38,623] {scheduler_job.py:642} INFO - DAG(s) dict_keys(['example_task_group_decorator']) retrieved from /home/airflow/.local/lib/python3.6/site-packages/airflow/example_dags/example_task_group_decorator.py
[2021-07-16 17:22:40,924] {logging_mixin.py:104} INFO - [2021-07-16 17:22:40,924] {dag.py:1833} INFO - Sync 1 DAGs
[2021-07-16 17:22:40,933] {logging_mixin.py:104} INFO - [2021-07-16 17:22:40,932] {dag.py:1852} INFO - Creating ORM DAG for example_task_group_decorator
[2021-07-16 17:22:40,937] {logging_mixin.py:104} INFO - [2021-07-16 17:22:40,937] {dag.py:2306} INFO - Setting next_dagrun for example_task_group_decorator to 2021-07-14 00:00:00+00:00
[2021-07-16 17:22:40,947] {scheduler_job.py:189} INFO - Processing /home/airflow/.local/lib/python3.6/site-packages/airflow/example_dags/example_task_group_decorator.py took 2.402 seconds
[2021-07-16 17:23:11,650] {scheduler_job.py:181} INFO - Started process (PID=503) to work on /home/airflow/.local/lib/python3.6/site-packages/airflow/example_dags/example_task_group_decorator.py
[2021-07-16 17:23:11,651] {scheduler_job.py:632} INFO - Processing file /home/airflow/.local/lib/python3.6/site-packages/airflow/example_dags/example_task_group_decorator.py for tasks to queue
[2021-07-16 17:23:11,652] {logging_mixin.py:104} INFO - [2021-07-16 17:23:11,652] {dagbag.py:496} INFO - Filling up the DagBag from /home/airflow/.local/lib/python3.6/site-packages/airflow/example_dags/example_task_group_decorator.py
[2021-07-16 17:23:11,682] {scheduler_job.py:642} INFO - DAG(s) dict_keys(['example_task_group_decorator']) retrieved from /home/airflow/.local/lib/python3.6/site-packages/airflow/example_dags/example_task_group_decorator.py
[2021-07-16 17:23:11,922] {logging_mixin.py:104} INFO - [2021-07-16 17:23:11,922] {dag.py:1833} INFO - Sync 1 DAGs
[2021-07-16 17:23:11,940] {logging_mixin.py:104} INFO - [2021-07-16 17:23:11,940] {dag.py:2306} INFO - Setting next_dagrun for example_task_group_decorator to 2021-07-14 00:00:00+00:00
[2021-07-16 17:23:11,952] {scheduler_job.py:189} INFO - Processing /home/airflow/.local/lib/python3.6/site-packages/airflow/example_dags/example_task_group_decorator.py took 0.305 seconds
[2021-07-16 17:23:42,016] {scheduler_job.py:181} INFO - Started process (PID=555) to work on /home/airflow/.local/lib/python3.6/site-packages/airflow/example_dags/example_task_group_decorator.py
[2021-07-16 17:23:42,018] {scheduler_job.py:632} INFO - Processing file /home/airflow/.local/lib/python3.6/site-packages/airflow/example_dags/example_task_group_decorator.py for tasks to queue
[2021-07-16 17:23:42,019] {logging_mixin.py:104} INFO - [2021-07-16 17:23:42,019] {dagbag.py:496} INFO - Filling up the DagBag from /home/airflow/.local/lib/python3.6/site-packages/airflow/example_dags/example_task_group_decorator.py
[2021-07-16 17:23:42,043] {scheduler_job.py:642} INFO - DAG(s) dict_keys(['example_task_group_decorator']) retrieved from /home/airflow/.local/lib/python3.6/site-packages/airflow/example_dags/example_task_group_decorator.py
[2021-07-16 17:23:42,237] {logging_mixin.py:104} INFO - [2021-07-16 17:23:42,237] {dag.py:1833} INFO - Sync 1 DAGs
[2021-07-16 17:23:42,248] {logging_mixin.py:104} INFO - [2021-07-16 17:23:42,248] {dag.py:2306} INFO - Setting next_dagrun for example_task_group_decorator to 2021-07-14 00:00:00+00:00
[2021-07-16 17:23:42,258] {scheduler_job.py:189} INFO - Processing /home/airflow/.local/lib/python3.6/site-packages/airflow/example_dags/example_task_group_decorator.py took 0.245 seconds
[2021-07-16 17:24:12,327] {scheduler_job.py:181} INFO - Started process (PID=618) to work on /home/airflow/.local/lib/python3.6/site-packages/airflow/example_dags/example_task_group_decorator.py
[2021-07-16 17:24:12,328] {scheduler_job.py:632} INFO - Processing file /home/airflow/.local/lib/python3.6/site-packages/airflow/example_dags/example_task_group_decorator.py for tasks to queue
[2021-07-16 17:24:12,329] {logging_mixin.py:104} INFO - [2021-07-16 17:24:12,329] {dagbag.py:496} INFO - Filling up the DagBag from /home/airflow/.local/lib/python3.6/site-packages/airflow/example_dags/example_task_group_decorator.py
[2021-07-16 17:24:12,353] {scheduler_job.py:642} INFO - DAG(s) dict_keys(['example_task_group_decorator']) retrieved from /home/airflow/.local/lib/python3.6/site-packages/airflow/example_dags/example_task_group_decorator.py
[2021-07-16 17:24:12,558] {logging_mixin.py:104} INFO - [2021-07-16 17:24:12,558] {dag.py:1833} INFO - Sync 1 DAGs
[2021-07-16 17:24:12,571] {logging_mixin.py:104} INFO - [2021-07-16 17:24:12,571] {dag.py:2306} INFO - Setting next_dagrun for example_task_group_decorator to 2021-07-14 00:00:00+00:00
[2021-07-16 17:24:12,583] {scheduler_job.py:189} INFO - Processing /home/airflow/.local/lib/python3.6/site-packages/airflow/example_dags/example_task_group_decorator.py took 0.259 seconds
[2021-07-16 17:24:42,717] {scheduler_job.py:181} INFO - Started process (PID=679) to work on /home/airflow/.local/lib/python3.6/site-packages/airflow/example_dags/example_task_group_decorator.py
[2021-07-16 17:24:42,718] {scheduler_job.py:632} INFO - Processing file /home/airflow/.local/lib/python3.6/site-packages/airflow/example_dags/example_task_group_decorator.py for tasks to queue
[2021-07-16 17:24:42,719] {logging_mixin.py:104} INFO - [2021-07-16 17:24:42,719] {dagbag.py:496} INFO - Filling up the DagBag from /home/airflow/.local/lib/python3.6/site-packages/airflow/example_dags/example_task_group_decorator.py
[2021-07-16 17:24:42,762] {scheduler_job.py:642} INFO - DAG(s) dict_keys(['example_task_group_decorator']) retrieved from /home/airflow/.local/lib/python3.6/site-packages/airflow/example_dags/example_task_group_decorator.py
[2021-07-16 17:24:43,044] {logging_mixin.py:104} INFO - [2021-07-16 17:24:43,044] {dag.py:1833} INFO - Sync 1 DAGs
[2021-07-16 17:24:43,060] {logging_mixin.py:104} INFO - [2021-07-16 17:24:43,060] {dag.py:2306} INFO - Setting next_dagrun for example_task_group_decorator to 2021-07-14 00:00:00+00:00
[2021-07-16 17:24:43,076] {scheduler_job.py:189} INFO - Processing /home/airflow/.local/lib/python3.6/site-packages/airflow/example_dags/example_task_group_decorator.py took 0.362 seconds
[2021-07-16 17:25:13,244] {scheduler_job.py:181} INFO - Started process (PID=731) to work on /home/airflow/.local/lib/python3.6/site-packages/airflow/example_dags/example_task_group_decorator.py
[2021-07-16 17:25:13,245] {scheduler_job.py:632} INFO - Processing file /home/airflow/.local/lib/python3.6/site-packages/airflow/example_dags/example_task_group_decorator.py for tasks to queue
[2021-07-16 17:25:13,246] {logging_mixin.py:104} INFO - [2021-07-16 17:25:13,246] {dagbag.py:496} INFO - Filling up the DagBag from /home/airflow/.local/lib/python3.6/site-packages/airflow/example_dags/example_task_group_decorator.py
[2021-07-16 17:25:13,267] {scheduler_job.py:642} INFO - DAG(s) dict_keys(['example_task_group_decorator']) retrieved from /home/airflow/.local/lib/python3.6/site-packages/airflow/example_dags/example_task_group_decorator.py
[2021-07-16 17:25:13,463] {logging_mixin.py:104} INFO - [2021-07-16 17:25:13,462] {dag.py:1833} INFO - Sync 1 DAGs
[2021-07-16 17:25:13,475] {logging_mixin.py:104} INFO - [2021-07-16 17:25:13,475] {dag.py:2306} INFO - Setting next_dagrun for example_task_group_decorator to 2021-07-14 00:00:00+00:00
[2021-07-16 17:25:13,490] {scheduler_job.py:189} INFO - Processing /home/airflow/.local/lib/python3.6/site-packages/airflow/example_dags/example_task_group_decorator.py took 0.248 seconds
[2021-07-16 17:25:44,037] {scheduler_job.py:181} INFO - Started process (PID=793) to work on /home/airflow/.local/lib/python3.6/site-packages/airflow/example_dags/example_task_group_decorator.py
[2021-07-16 17:25:44,038] {scheduler_job.py:632} INFO - Processing file /home/airflow/.local/lib/python3.6/site-packages/airflow/example_dags/example_task_group_decorator.py for tasks to queue
[2021-07-16 17:25:44,039] {logging_mixin.py:104} INFO - [2021-07-16 17:25:44,039] {dagbag.py:496} INFO - Filling up the DagBag from /home/airflow/.local/lib/python3.6/site-packages/airflow/example_dags/example_task_group_decorator.py
[2021-07-16 17:25:44,068] {scheduler_job.py:642} INFO - DAG(s) dict_keys(['example_task_group_decorator']) retrieved from /home/airflow/.local/lib/python3.6/site-packages/airflow/example_dags/example_task_group_decorator.py
[2021-07-16 17:25:44,290] {logging_mixin.py:104} INFO - [2021-07-16 17:25:44,290] {dag.py:1833} INFO - Sync 1 DAGs
[2021-07-16 17:25:44,304] {logging_mixin.py:104} INFO - [2021-07-16 17:25:44,304] {dag.py:2306} INFO - Setting next_dagrun for example_task_group_decorator to 2021-07-14 00:00:00+00:00
[2021-07-16 17:25:44,319] {scheduler_job.py:189} INFO - Processing /home/airflow/.local/lib/python3.6/site-packages/airflow/example_dags/example_task_group_decorator.py took 0.285 seconds
[2021-07-16 17:26:14,356] {scheduler_job.py:181} INFO - Started process (PID=844) to work on /home/airflow/.local/lib/python3.6/site-packages/airflow/example_dags/example_task_group_decorator.py
[2021-07-16 17:26:14,358] {scheduler_job.py:632} INFO - Processing file /home/airflow/.local/lib/python3.6/site-packages/airflow/example_dags/example_task_group_decorator.py for tasks to queue
[2021-07-16 17:26:14,359] {logging_mixin.py:104} INFO - [2021-07-16 17:26:14,359] {dagbag.py:496} INFO - Filling up the DagBag from /home/airflow/.local/lib/python3.6/site-packages/airflow/example_dags/example_task_group_decorator.py
[2021-07-16 17:26:14,388] {scheduler_job.py:642} INFO - DAG(s) dict_keys(['example_task_group_decorator']) retrieved from /home/airflow/.local/lib/python3.6/site-packages/airflow/example_dags/example_task_group_decorator.py
[2021-07-16 17:26:14,618] {logging_mixin.py:104} INFO - [2021-07-16 17:26:14,618] {dag.py:1833} INFO - Sync 1 DAGs
[2021-07-16 17:26:14,631] {logging_mixin.py:104} INFO - [2021-07-16 17:26:14,631] {dag.py:2306} INFO - Setting next_dagrun for example_task_group_decorator to 2021-07-14 00:00:00+00:00
[2021-07-16 17:26:14,642] {scheduler_job.py:189} INFO - Processing /home/airflow/.local/lib/python3.6/site-packages/airflow/example_dags/example_task_group_decorator.py took 0.289 seconds
