[2021-07-16 17:22:12,034] {scheduler_job.py:181} INFO - Started process (PID=63) to work on /home/airflow/.local/lib/python3.6/site-packages/airflow/example_dags/example_kubernetes_executor.py
[2021-07-16 17:22:12,036] {scheduler_job.py:632} INFO - Processing file /home/airflow/.local/lib/python3.6/site-packages/airflow/example_dags/example_kubernetes_executor.py for tasks to queue
[2021-07-16 17:22:12,036] {logging_mixin.py:104} INFO - [2021-07-16 17:22:12,036] {dagbag.py:496} INFO - Filling up the DagBag from /home/airflow/.local/lib/python3.6/site-packages/airflow/example_dags/example_kubernetes_executor.py
[2021-07-16 17:22:12,050] {scheduler_job.py:642} INFO - DAG(s) dict_keys(['example_kubernetes_executor']) retrieved from /home/airflow/.local/lib/python3.6/site-packages/airflow/example_dags/example_kubernetes_executor.py
[2021-07-16 17:22:14,839] {logging_mixin.py:104} INFO - [2021-07-16 17:22:14,839] {dag.py:1833} INFO - Sync 1 DAGs
[2021-07-16 17:22:14,851] {logging_mixin.py:104} INFO - [2021-07-16 17:22:14,850] {dag.py:1852} INFO - Creating ORM DAG for example_kubernetes_executor
[2021-07-16 17:22:14,855] {logging_mixin.py:104} INFO - [2021-07-16 17:22:14,855] {dag.py:2306} INFO - Setting next_dagrun for example_kubernetes_executor to None
[2021-07-16 17:22:14,867] {scheduler_job.py:189} INFO - Processing /home/airflow/.local/lib/python3.6/site-packages/airflow/example_dags/example_kubernetes_executor.py took 2.836 seconds
[2021-07-16 17:22:47,761] {scheduler_job.py:181} INFO - Started process (PID=462) to work on /home/airflow/.local/lib/python3.6/site-packages/airflow/example_dags/example_kubernetes_executor.py
[2021-07-16 17:22:47,762] {scheduler_job.py:632} INFO - Processing file /home/airflow/.local/lib/python3.6/site-packages/airflow/example_dags/example_kubernetes_executor.py for tasks to queue
[2021-07-16 17:22:47,763] {logging_mixin.py:104} INFO - [2021-07-16 17:22:47,763] {dagbag.py:496} INFO - Filling up the DagBag from /home/airflow/.local/lib/python3.6/site-packages/airflow/example_dags/example_kubernetes_executor.py
[2021-07-16 17:22:47,774] {scheduler_job.py:642} INFO - DAG(s) dict_keys(['example_kubernetes_executor']) retrieved from /home/airflow/.local/lib/python3.6/site-packages/airflow/example_dags/example_kubernetes_executor.py
[2021-07-16 17:22:47,793] {logging_mixin.py:104} INFO - [2021-07-16 17:22:47,793] {dag.py:1833} INFO - Sync 1 DAGs
[2021-07-16 17:22:47,806] {logging_mixin.py:104} INFO - [2021-07-16 17:22:47,806] {dag.py:2306} INFO - Setting next_dagrun for example_kubernetes_executor to None
[2021-07-16 17:22:47,816] {scheduler_job.py:189} INFO - Processing /home/airflow/.local/lib/python3.6/site-packages/airflow/example_dags/example_kubernetes_executor.py took 0.057 seconds
[2021-07-16 17:23:18,030] {scheduler_job.py:181} INFO - Started process (PID=512) to work on /home/airflow/.local/lib/python3.6/site-packages/airflow/example_dags/example_kubernetes_executor.py
[2021-07-16 17:23:18,031] {scheduler_job.py:632} INFO - Processing file /home/airflow/.local/lib/python3.6/site-packages/airflow/example_dags/example_kubernetes_executor.py for tasks to queue
[2021-07-16 17:23:18,032] {logging_mixin.py:104} INFO - [2021-07-16 17:23:18,032] {dagbag.py:496} INFO - Filling up the DagBag from /home/airflow/.local/lib/python3.6/site-packages/airflow/example_dags/example_kubernetes_executor.py
[2021-07-16 17:23:18,043] {scheduler_job.py:642} INFO - DAG(s) dict_keys(['example_kubernetes_executor']) retrieved from /home/airflow/.local/lib/python3.6/site-packages/airflow/example_dags/example_kubernetes_executor.py
[2021-07-16 17:23:18,061] {logging_mixin.py:104} INFO - [2021-07-16 17:23:18,061] {dag.py:1833} INFO - Sync 1 DAGs
[2021-07-16 17:23:18,074] {logging_mixin.py:104} INFO - [2021-07-16 17:23:18,074] {dag.py:2306} INFO - Setting next_dagrun for example_kubernetes_executor to None
[2021-07-16 17:23:18,084] {scheduler_job.py:189} INFO - Processing /home/airflow/.local/lib/python3.6/site-packages/airflow/example_dags/example_kubernetes_executor.py took 0.057 seconds
[2021-07-16 17:23:48,392] {scheduler_job.py:181} INFO - Started process (PID=575) to work on /home/airflow/.local/lib/python3.6/site-packages/airflow/example_dags/example_kubernetes_executor.py
[2021-07-16 17:23:48,393] {scheduler_job.py:632} INFO - Processing file /home/airflow/.local/lib/python3.6/site-packages/airflow/example_dags/example_kubernetes_executor.py for tasks to queue
[2021-07-16 17:23:48,394] {logging_mixin.py:104} INFO - [2021-07-16 17:23:48,394] {dagbag.py:496} INFO - Filling up the DagBag from /home/airflow/.local/lib/python3.6/site-packages/airflow/example_dags/example_kubernetes_executor.py
[2021-07-16 17:23:48,406] {scheduler_job.py:642} INFO - DAG(s) dict_keys(['example_kubernetes_executor']) retrieved from /home/airflow/.local/lib/python3.6/site-packages/airflow/example_dags/example_kubernetes_executor.py
[2021-07-16 17:23:48,424] {logging_mixin.py:104} INFO - [2021-07-16 17:23:48,424] {dag.py:1833} INFO - Sync 1 DAGs
[2021-07-16 17:23:48,438] {logging_mixin.py:104} INFO - [2021-07-16 17:23:48,438] {dag.py:2306} INFO - Setting next_dagrun for example_kubernetes_executor to None
[2021-07-16 17:23:48,448] {scheduler_job.py:189} INFO - Processing /home/airflow/.local/lib/python3.6/site-packages/airflow/example_dags/example_kubernetes_executor.py took 0.059 seconds
[2021-07-16 17:24:18,597] {scheduler_job.py:181} INFO - Started process (PID=627) to work on /home/airflow/.local/lib/python3.6/site-packages/airflow/example_dags/example_kubernetes_executor.py
[2021-07-16 17:24:18,598] {scheduler_job.py:632} INFO - Processing file /home/airflow/.local/lib/python3.6/site-packages/airflow/example_dags/example_kubernetes_executor.py for tasks to queue
[2021-07-16 17:24:18,599] {logging_mixin.py:104} INFO - [2021-07-16 17:24:18,599] {dagbag.py:496} INFO - Filling up the DagBag from /home/airflow/.local/lib/python3.6/site-packages/airflow/example_dags/example_kubernetes_executor.py
[2021-07-16 17:24:18,610] {scheduler_job.py:642} INFO - DAG(s) dict_keys(['example_kubernetes_executor']) retrieved from /home/airflow/.local/lib/python3.6/site-packages/airflow/example_dags/example_kubernetes_executor.py
[2021-07-16 17:24:18,628] {logging_mixin.py:104} INFO - [2021-07-16 17:24:18,628] {dag.py:1833} INFO - Sync 1 DAGs
[2021-07-16 17:24:18,641] {logging_mixin.py:104} INFO - [2021-07-16 17:24:18,641] {dag.py:2306} INFO - Setting next_dagrun for example_kubernetes_executor to None
[2021-07-16 17:24:18,651] {scheduler_job.py:189} INFO - Processing /home/airflow/.local/lib/python3.6/site-packages/airflow/example_dags/example_kubernetes_executor.py took 0.056 seconds
[2021-07-16 17:24:49,125] {scheduler_job.py:181} INFO - Started process (PID=689) to work on /home/airflow/.local/lib/python3.6/site-packages/airflow/example_dags/example_kubernetes_executor.py
[2021-07-16 17:24:49,127] {scheduler_job.py:632} INFO - Processing file /home/airflow/.local/lib/python3.6/site-packages/airflow/example_dags/example_kubernetes_executor.py for tasks to queue
[2021-07-16 17:24:49,128] {logging_mixin.py:104} INFO - [2021-07-16 17:24:49,128] {dagbag.py:496} INFO - Filling up the DagBag from /home/airflow/.local/lib/python3.6/site-packages/airflow/example_dags/example_kubernetes_executor.py
[2021-07-16 17:24:49,146] {scheduler_job.py:642} INFO - DAG(s) dict_keys(['example_kubernetes_executor']) retrieved from /home/airflow/.local/lib/python3.6/site-packages/airflow/example_dags/example_kubernetes_executor.py
[2021-07-16 17:24:49,174] {logging_mixin.py:104} INFO - [2021-07-16 17:24:49,174] {dag.py:1833} INFO - Sync 1 DAGs
[2021-07-16 17:24:49,193] {logging_mixin.py:104} INFO - [2021-07-16 17:24:49,193] {dag.py:2306} INFO - Setting next_dagrun for example_kubernetes_executor to None
[2021-07-16 17:24:49,226] {scheduler_job.py:189} INFO - Processing /home/airflow/.local/lib/python3.6/site-packages/airflow/example_dags/example_kubernetes_executor.py took 0.105 seconds
[2021-07-16 17:25:19,647] {scheduler_job.py:181} INFO - Started process (PID=750) to work on /home/airflow/.local/lib/python3.6/site-packages/airflow/example_dags/example_kubernetes_executor.py
[2021-07-16 17:25:19,648] {scheduler_job.py:632} INFO - Processing file /home/airflow/.local/lib/python3.6/site-packages/airflow/example_dags/example_kubernetes_executor.py for tasks to queue
[2021-07-16 17:25:19,650] {logging_mixin.py:104} INFO - [2021-07-16 17:25:19,649] {dagbag.py:496} INFO - Filling up the DagBag from /home/airflow/.local/lib/python3.6/site-packages/airflow/example_dags/example_kubernetes_executor.py
[2021-07-16 17:25:19,665] {scheduler_job.py:642} INFO - DAG(s) dict_keys(['example_kubernetes_executor']) retrieved from /home/airflow/.local/lib/python3.6/site-packages/airflow/example_dags/example_kubernetes_executor.py
[2021-07-16 17:25:19,690] {logging_mixin.py:104} INFO - [2021-07-16 17:25:19,690] {dag.py:1833} INFO - Sync 1 DAGs
[2021-07-16 17:25:19,716] {logging_mixin.py:104} INFO - [2021-07-16 17:25:19,716] {dag.py:2306} INFO - Setting next_dagrun for example_kubernetes_executor to None
[2021-07-16 17:25:19,740] {scheduler_job.py:189} INFO - Processing /home/airflow/.local/lib/python3.6/site-packages/airflow/example_dags/example_kubernetes_executor.py took 0.098 seconds
[2021-07-16 17:25:50,487] {scheduler_job.py:181} INFO - Started process (PID=802) to work on /home/airflow/.local/lib/python3.6/site-packages/airflow/example_dags/example_kubernetes_executor.py
[2021-07-16 17:25:50,488] {scheduler_job.py:632} INFO - Processing file /home/airflow/.local/lib/python3.6/site-packages/airflow/example_dags/example_kubernetes_executor.py for tasks to queue
[2021-07-16 17:25:50,489] {logging_mixin.py:104} INFO - [2021-07-16 17:25:50,489] {dagbag.py:496} INFO - Filling up the DagBag from /home/airflow/.local/lib/python3.6/site-packages/airflow/example_dags/example_kubernetes_executor.py
[2021-07-16 17:25:50,500] {scheduler_job.py:642} INFO - DAG(s) dict_keys(['example_kubernetes_executor']) retrieved from /home/airflow/.local/lib/python3.6/site-packages/airflow/example_dags/example_kubernetes_executor.py
[2021-07-16 17:25:50,520] {logging_mixin.py:104} INFO - [2021-07-16 17:25:50,519] {dag.py:1833} INFO - Sync 1 DAGs
[2021-07-16 17:25:50,533] {logging_mixin.py:104} INFO - [2021-07-16 17:25:50,533] {dag.py:2306} INFO - Setting next_dagrun for example_kubernetes_executor to None
[2021-07-16 17:25:50,547] {scheduler_job.py:189} INFO - Processing /home/airflow/.local/lib/python3.6/site-packages/airflow/example_dags/example_kubernetes_executor.py took 0.062 seconds
[2021-07-16 17:26:20,769] {scheduler_job.py:181} INFO - Started process (PID=864) to work on /home/airflow/.local/lib/python3.6/site-packages/airflow/example_dags/example_kubernetes_executor.py
[2021-07-16 17:26:20,770] {scheduler_job.py:632} INFO - Processing file /home/airflow/.local/lib/python3.6/site-packages/airflow/example_dags/example_kubernetes_executor.py for tasks to queue
[2021-07-16 17:26:20,771] {logging_mixin.py:104} INFO - [2021-07-16 17:26:20,771] {dagbag.py:496} INFO - Filling up the DagBag from /home/airflow/.local/lib/python3.6/site-packages/airflow/example_dags/example_kubernetes_executor.py
[2021-07-16 17:26:20,783] {scheduler_job.py:642} INFO - DAG(s) dict_keys(['example_kubernetes_executor']) retrieved from /home/airflow/.local/lib/python3.6/site-packages/airflow/example_dags/example_kubernetes_executor.py
[2021-07-16 17:26:20,801] {logging_mixin.py:104} INFO - [2021-07-16 17:26:20,801] {dag.py:1833} INFO - Sync 1 DAGs
[2021-07-16 17:26:20,816] {logging_mixin.py:104} INFO - [2021-07-16 17:26:20,816] {dag.py:2306} INFO - Setting next_dagrun for example_kubernetes_executor to None
[2021-07-16 17:26:20,827] {scheduler_job.py:189} INFO - Processing /home/airflow/.local/lib/python3.6/site-packages/airflow/example_dags/example_kubernetes_executor.py took 0.060 seconds
