[2021-07-16 17:22:04,865] {scheduler_job.py:181} INFO - Started process (PID=26) to work on /home/airflow/.local/lib/python3.6/site-packages/airflow/example_dags/example_short_circuit_operator.py
[2021-07-16 17:22:04,868] {scheduler_job.py:632} INFO - Processing file /home/airflow/.local/lib/python3.6/site-packages/airflow/example_dags/example_short_circuit_operator.py for tasks to queue
[2021-07-16 17:22:04,869] {logging_mixin.py:104} INFO - [2021-07-16 17:22:04,869] {dagbag.py:496} INFO - Filling up the DagBag from /home/airflow/.local/lib/python3.6/site-packages/airflow/example_dags/example_short_circuit_operator.py
[2021-07-16 17:22:04,906] {scheduler_job.py:642} INFO - DAG(s) dict_keys(['example_short_circuit_operator']) retrieved from /home/airflow/.local/lib/python3.6/site-packages/airflow/example_dags/example_short_circuit_operator.py
[2021-07-16 17:22:11,924] {logging_mixin.py:104} INFO - [2021-07-16 17:22:11,924] {dag.py:1833} INFO - Sync 1 DAGs
[2021-07-16 17:22:11,934] {logging_mixin.py:104} INFO - [2021-07-16 17:22:11,933] {dag.py:1852} INFO - Creating ORM DAG for example_short_circuit_operator
[2021-07-16 17:22:11,939] {logging_mixin.py:104} INFO - [2021-07-16 17:22:11,939] {dag.py:2306} INFO - Setting next_dagrun for example_short_circuit_operator to 2021-07-14 00:00:00+00:00
[2021-07-16 17:22:11,951] {scheduler_job.py:189} INFO - Processing /home/airflow/.local/lib/python3.6/site-packages/airflow/example_dags/example_short_circuit_operator.py took 7.092 seconds
[2021-07-16 17:22:47,643] {scheduler_job.py:181} INFO - Started process (PID=460) to work on /home/airflow/.local/lib/python3.6/site-packages/airflow/example_dags/example_short_circuit_operator.py
[2021-07-16 17:22:47,644] {scheduler_job.py:632} INFO - Processing file /home/airflow/.local/lib/python3.6/site-packages/airflow/example_dags/example_short_circuit_operator.py for tasks to queue
[2021-07-16 17:22:47,645] {logging_mixin.py:104} INFO - [2021-07-16 17:22:47,645] {dagbag.py:496} INFO - Filling up the DagBag from /home/airflow/.local/lib/python3.6/site-packages/airflow/example_dags/example_short_circuit_operator.py
[2021-07-16 17:22:47,658] {scheduler_job.py:642} INFO - DAG(s) dict_keys(['example_short_circuit_operator']) retrieved from /home/airflow/.local/lib/python3.6/site-packages/airflow/example_dags/example_short_circuit_operator.py
[2021-07-16 17:22:47,677] {logging_mixin.py:104} INFO - [2021-07-16 17:22:47,677] {dag.py:1833} INFO - Sync 1 DAGs
[2021-07-16 17:22:47,691] {logging_mixin.py:104} INFO - [2021-07-16 17:22:47,691] {dag.py:2306} INFO - Setting next_dagrun for example_short_circuit_operator to 2021-07-14 00:00:00+00:00
[2021-07-16 17:22:47,700] {scheduler_job.py:189} INFO - Processing /home/airflow/.local/lib/python3.6/site-packages/airflow/example_dags/example_short_circuit_operator.py took 0.060 seconds
[2021-07-16 17:23:17,946] {scheduler_job.py:181} INFO - Started process (PID=510) to work on /home/airflow/.local/lib/python3.6/site-packages/airflow/example_dags/example_short_circuit_operator.py
[2021-07-16 17:23:17,947] {scheduler_job.py:632} INFO - Processing file /home/airflow/.local/lib/python3.6/site-packages/airflow/example_dags/example_short_circuit_operator.py for tasks to queue
[2021-07-16 17:23:17,947] {logging_mixin.py:104} INFO - [2021-07-16 17:23:17,947] {dagbag.py:496} INFO - Filling up the DagBag from /home/airflow/.local/lib/python3.6/site-packages/airflow/example_dags/example_short_circuit_operator.py
[2021-07-16 17:23:17,959] {scheduler_job.py:642} INFO - DAG(s) dict_keys(['example_short_circuit_operator']) retrieved from /home/airflow/.local/lib/python3.6/site-packages/airflow/example_dags/example_short_circuit_operator.py
[2021-07-16 17:23:17,980] {logging_mixin.py:104} INFO - [2021-07-16 17:23:17,979] {dag.py:1833} INFO - Sync 1 DAGs
[2021-07-16 17:23:17,994] {logging_mixin.py:104} INFO - [2021-07-16 17:23:17,994] {dag.py:2306} INFO - Setting next_dagrun for example_short_circuit_operator to 2021-07-14 00:00:00+00:00
[2021-07-16 17:23:18,003] {scheduler_job.py:189} INFO - Processing /home/airflow/.local/lib/python3.6/site-packages/airflow/example_dags/example_short_circuit_operator.py took 0.060 seconds
[2021-07-16 17:23:48,300] {scheduler_job.py:181} INFO - Started process (PID=573) to work on /home/airflow/.local/lib/python3.6/site-packages/airflow/example_dags/example_short_circuit_operator.py
[2021-07-16 17:23:48,301] {scheduler_job.py:632} INFO - Processing file /home/airflow/.local/lib/python3.6/site-packages/airflow/example_dags/example_short_circuit_operator.py for tasks to queue
[2021-07-16 17:23:48,302] {logging_mixin.py:104} INFO - [2021-07-16 17:23:48,302] {dagbag.py:496} INFO - Filling up the DagBag from /home/airflow/.local/lib/python3.6/site-packages/airflow/example_dags/example_short_circuit_operator.py
[2021-07-16 17:23:48,314] {scheduler_job.py:642} INFO - DAG(s) dict_keys(['example_short_circuit_operator']) retrieved from /home/airflow/.local/lib/python3.6/site-packages/airflow/example_dags/example_short_circuit_operator.py
[2021-07-16 17:23:48,334] {logging_mixin.py:104} INFO - [2021-07-16 17:23:48,334] {dag.py:1833} INFO - Sync 1 DAGs
[2021-07-16 17:23:48,348] {logging_mixin.py:104} INFO - [2021-07-16 17:23:48,348] {dag.py:2306} INFO - Setting next_dagrun for example_short_circuit_operator to 2021-07-14 00:00:00+00:00
[2021-07-16 17:23:48,358] {scheduler_job.py:189} INFO - Processing /home/airflow/.local/lib/python3.6/site-packages/airflow/example_dags/example_short_circuit_operator.py took 0.062 seconds
[2021-07-16 17:24:18,515] {scheduler_job.py:181} INFO - Started process (PID=625) to work on /home/airflow/.local/lib/python3.6/site-packages/airflow/example_dags/example_short_circuit_operator.py
[2021-07-16 17:24:18,516] {scheduler_job.py:632} INFO - Processing file /home/airflow/.local/lib/python3.6/site-packages/airflow/example_dags/example_short_circuit_operator.py for tasks to queue
[2021-07-16 17:24:18,517] {logging_mixin.py:104} INFO - [2021-07-16 17:24:18,517] {dagbag.py:496} INFO - Filling up the DagBag from /home/airflow/.local/lib/python3.6/site-packages/airflow/example_dags/example_short_circuit_operator.py
[2021-07-16 17:24:18,528] {scheduler_job.py:642} INFO - DAG(s) dict_keys(['example_short_circuit_operator']) retrieved from /home/airflow/.local/lib/python3.6/site-packages/airflow/example_dags/example_short_circuit_operator.py
[2021-07-16 17:24:18,547] {logging_mixin.py:104} INFO - [2021-07-16 17:24:18,547] {dag.py:1833} INFO - Sync 1 DAGs
[2021-07-16 17:24:18,562] {logging_mixin.py:104} INFO - [2021-07-16 17:24:18,562] {dag.py:2306} INFO - Setting next_dagrun for example_short_circuit_operator to 2021-07-14 00:00:00+00:00
[2021-07-16 17:24:18,571] {scheduler_job.py:189} INFO - Processing /home/airflow/.local/lib/python3.6/site-packages/airflow/example_dags/example_short_circuit_operator.py took 0.059 seconds
[2021-07-16 17:24:49,007] {scheduler_job.py:181} INFO - Started process (PID=687) to work on /home/airflow/.local/lib/python3.6/site-packages/airflow/example_dags/example_short_circuit_operator.py
[2021-07-16 17:24:49,008] {scheduler_job.py:632} INFO - Processing file /home/airflow/.local/lib/python3.6/site-packages/airflow/example_dags/example_short_circuit_operator.py for tasks to queue
[2021-07-16 17:24:49,010] {logging_mixin.py:104} INFO - [2021-07-16 17:24:49,010] {dagbag.py:496} INFO - Filling up the DagBag from /home/airflow/.local/lib/python3.6/site-packages/airflow/example_dags/example_short_circuit_operator.py
[2021-07-16 17:24:49,025] {scheduler_job.py:642} INFO - DAG(s) dict_keys(['example_short_circuit_operator']) retrieved from /home/airflow/.local/lib/python3.6/site-packages/airflow/example_dags/example_short_circuit_operator.py
[2021-07-16 17:24:49,048] {logging_mixin.py:104} INFO - [2021-07-16 17:24:49,048] {dag.py:1833} INFO - Sync 1 DAGs
[2021-07-16 17:24:49,064] {logging_mixin.py:104} INFO - [2021-07-16 17:24:49,064] {dag.py:2306} INFO - Setting next_dagrun for example_short_circuit_operator to 2021-07-14 00:00:00+00:00
[2021-07-16 17:24:49,080] {scheduler_job.py:189} INFO - Processing /home/airflow/.local/lib/python3.6/site-packages/airflow/example_dags/example_short_circuit_operator.py took 0.077 seconds
[2021-07-16 17:25:19,512] {scheduler_job.py:181} INFO - Started process (PID=748) to work on /home/airflow/.local/lib/python3.6/site-packages/airflow/example_dags/example_short_circuit_operator.py
[2021-07-16 17:25:19,514] {scheduler_job.py:632} INFO - Processing file /home/airflow/.local/lib/python3.6/site-packages/airflow/example_dags/example_short_circuit_operator.py for tasks to queue
[2021-07-16 17:25:19,516] {logging_mixin.py:104} INFO - [2021-07-16 17:25:19,516] {dagbag.py:496} INFO - Filling up the DagBag from /home/airflow/.local/lib/python3.6/site-packages/airflow/example_dags/example_short_circuit_operator.py
[2021-07-16 17:25:19,532] {scheduler_job.py:642} INFO - DAG(s) dict_keys(['example_short_circuit_operator']) retrieved from /home/airflow/.local/lib/python3.6/site-packages/airflow/example_dags/example_short_circuit_operator.py
[2021-07-16 17:25:19,558] {logging_mixin.py:104} INFO - [2021-07-16 17:25:19,558] {dag.py:1833} INFO - Sync 1 DAGs
[2021-07-16 17:25:19,580] {logging_mixin.py:104} INFO - [2021-07-16 17:25:19,580] {dag.py:2306} INFO - Setting next_dagrun for example_short_circuit_operator to 2021-07-14 00:00:00+00:00
[2021-07-16 17:25:19,598] {scheduler_job.py:189} INFO - Processing /home/airflow/.local/lib/python3.6/site-packages/airflow/example_dags/example_short_circuit_operator.py took 0.089 seconds
[2021-07-16 17:25:50,395] {scheduler_job.py:181} INFO - Started process (PID=800) to work on /home/airflow/.local/lib/python3.6/site-packages/airflow/example_dags/example_short_circuit_operator.py
[2021-07-16 17:25:50,397] {scheduler_job.py:632} INFO - Processing file /home/airflow/.local/lib/python3.6/site-packages/airflow/example_dags/example_short_circuit_operator.py for tasks to queue
[2021-07-16 17:25:50,398] {logging_mixin.py:104} INFO - [2021-07-16 17:25:50,398] {dagbag.py:496} INFO - Filling up the DagBag from /home/airflow/.local/lib/python3.6/site-packages/airflow/example_dags/example_short_circuit_operator.py
[2021-07-16 17:25:50,410] {scheduler_job.py:642} INFO - DAG(s) dict_keys(['example_short_circuit_operator']) retrieved from /home/airflow/.local/lib/python3.6/site-packages/airflow/example_dags/example_short_circuit_operator.py
[2021-07-16 17:25:50,430] {logging_mixin.py:104} INFO - [2021-07-16 17:25:50,429] {dag.py:1833} INFO - Sync 1 DAGs
[2021-07-16 17:25:50,446] {logging_mixin.py:104} INFO - [2021-07-16 17:25:50,446] {dag.py:2306} INFO - Setting next_dagrun for example_short_circuit_operator to 2021-07-14 00:00:00+00:00
[2021-07-16 17:25:50,457] {scheduler_job.py:189} INFO - Processing /home/airflow/.local/lib/python3.6/site-packages/airflow/example_dags/example_short_circuit_operator.py took 0.064 seconds
[2021-07-16 17:26:20,683] {scheduler_job.py:181} INFO - Started process (PID=862) to work on /home/airflow/.local/lib/python3.6/site-packages/airflow/example_dags/example_short_circuit_operator.py
[2021-07-16 17:26:20,684] {scheduler_job.py:632} INFO - Processing file /home/airflow/.local/lib/python3.6/site-packages/airflow/example_dags/example_short_circuit_operator.py for tasks to queue
[2021-07-16 17:26:20,685] {logging_mixin.py:104} INFO - [2021-07-16 17:26:20,685] {dagbag.py:496} INFO - Filling up the DagBag from /home/airflow/.local/lib/python3.6/site-packages/airflow/example_dags/example_short_circuit_operator.py
[2021-07-16 17:26:20,696] {scheduler_job.py:642} INFO - DAG(s) dict_keys(['example_short_circuit_operator']) retrieved from /home/airflow/.local/lib/python3.6/site-packages/airflow/example_dags/example_short_circuit_operator.py
[2021-07-16 17:26:20,716] {logging_mixin.py:104} INFO - [2021-07-16 17:26:20,716] {dag.py:1833} INFO - Sync 1 DAGs
[2021-07-16 17:26:20,732] {logging_mixin.py:104} INFO - [2021-07-16 17:26:20,732] {dag.py:2306} INFO - Setting next_dagrun for example_short_circuit_operator to 2021-07-14 00:00:00+00:00
[2021-07-16 17:26:20,742] {scheduler_job.py:189} INFO - Processing /home/airflow/.local/lib/python3.6/site-packages/airflow/example_dags/example_short_circuit_operator.py took 0.062 seconds
