[2021-07-16 17:22:43,041] {scheduler_job.py:181} INFO - Started process (PID=396) to work on /home/airflow/.local/lib/python3.6/site-packages/airflow/example_dags/example_trigger_target_dag.py
[2021-07-16 17:22:43,043] {scheduler_job.py:632} INFO - Processing file /home/airflow/.local/lib/python3.6/site-packages/airflow/example_dags/example_trigger_target_dag.py for tasks to queue
[2021-07-16 17:22:43,044] {logging_mixin.py:104} INFO - [2021-07-16 17:22:43,043] {dagbag.py:496} INFO - Filling up the DagBag from /home/airflow/.local/lib/python3.6/site-packages/airflow/example_dags/example_trigger_target_dag.py
[2021-07-16 17:22:43,057] {scheduler_job.py:642} INFO - DAG(s) dict_keys(['example_trigger_target_dag']) retrieved from /home/airflow/.local/lib/python3.6/site-packages/airflow/example_dags/example_trigger_target_dag.py
[2021-07-16 17:22:45,135] {logging_mixin.py:104} INFO - [2021-07-16 17:22:45,135] {dag.py:1833} INFO - Sync 1 DAGs
[2021-07-16 17:22:45,144] {logging_mixin.py:104} INFO - [2021-07-16 17:22:45,143] {dag.py:1852} INFO - Creating ORM DAG for example_trigger_target_dag
[2021-07-16 17:22:45,148] {logging_mixin.py:104} INFO - [2021-07-16 17:22:45,148] {dag.py:2306} INFO - Setting next_dagrun for example_trigger_target_dag to None
[2021-07-16 17:22:45,158] {scheduler_job.py:189} INFO - Processing /home/airflow/.local/lib/python3.6/site-packages/airflow/example_dags/example_trigger_target_dag.py took 2.119 seconds
[2021-07-16 17:23:15,778] {scheduler_job.py:181} INFO - Started process (PID=507) to work on /home/airflow/.local/lib/python3.6/site-packages/airflow/example_dags/example_trigger_target_dag.py
[2021-07-16 17:23:15,785] {scheduler_job.py:632} INFO - Processing file /home/airflow/.local/lib/python3.6/site-packages/airflow/example_dags/example_trigger_target_dag.py for tasks to queue
[2021-07-16 17:23:15,787] {logging_mixin.py:104} INFO - [2021-07-16 17:23:15,787] {dagbag.py:496} INFO - Filling up the DagBag from /home/airflow/.local/lib/python3.6/site-packages/airflow/example_dags/example_trigger_target_dag.py
[2021-07-16 17:23:15,831] {scheduler_job.py:642} INFO - DAG(s) dict_keys(['example_trigger_target_dag']) retrieved from /home/airflow/.local/lib/python3.6/site-packages/airflow/example_dags/example_trigger_target_dag.py
[2021-07-16 17:23:15,883] {logging_mixin.py:104} INFO - [2021-07-16 17:23:15,883] {dag.py:1833} INFO - Sync 1 DAGs
[2021-07-16 17:23:15,901] {logging_mixin.py:104} INFO - [2021-07-16 17:23:15,900] {dag.py:2306} INFO - Setting next_dagrun for example_trigger_target_dag to None
[2021-07-16 17:23:15,913] {scheduler_job.py:189} INFO - Processing /home/airflow/.local/lib/python3.6/site-packages/airflow/example_dags/example_trigger_target_dag.py took 0.138 seconds
[2021-07-16 17:23:46,213] {scheduler_job.py:181} INFO - Started process (PID=570) to work on /home/airflow/.local/lib/python3.6/site-packages/airflow/example_dags/example_trigger_target_dag.py
[2021-07-16 17:23:46,214] {scheduler_job.py:632} INFO - Processing file /home/airflow/.local/lib/python3.6/site-packages/airflow/example_dags/example_trigger_target_dag.py for tasks to queue
[2021-07-16 17:23:46,215] {logging_mixin.py:104} INFO - [2021-07-16 17:23:46,215] {dagbag.py:496} INFO - Filling up the DagBag from /home/airflow/.local/lib/python3.6/site-packages/airflow/example_dags/example_trigger_target_dag.py
[2021-07-16 17:23:46,228] {scheduler_job.py:642} INFO - DAG(s) dict_keys(['example_trigger_target_dag']) retrieved from /home/airflow/.local/lib/python3.6/site-packages/airflow/example_dags/example_trigger_target_dag.py
[2021-07-16 17:23:46,247] {logging_mixin.py:104} INFO - [2021-07-16 17:23:46,247] {dag.py:1833} INFO - Sync 1 DAGs
[2021-07-16 17:23:46,260] {logging_mixin.py:104} INFO - [2021-07-16 17:23:46,260] {dag.py:2306} INFO - Setting next_dagrun for example_trigger_target_dag to None
[2021-07-16 17:23:46,273] {scheduler_job.py:189} INFO - Processing /home/airflow/.local/lib/python3.6/site-packages/airflow/example_dags/example_trigger_target_dag.py took 0.062 seconds
[2021-07-16 17:24:16,433] {scheduler_job.py:181} INFO - Started process (PID=622) to work on /home/airflow/.local/lib/python3.6/site-packages/airflow/example_dags/example_trigger_target_dag.py
[2021-07-16 17:24:16,435] {scheduler_job.py:632} INFO - Processing file /home/airflow/.local/lib/python3.6/site-packages/airflow/example_dags/example_trigger_target_dag.py for tasks to queue
[2021-07-16 17:24:16,435] {logging_mixin.py:104} INFO - [2021-07-16 17:24:16,435] {dagbag.py:496} INFO - Filling up the DagBag from /home/airflow/.local/lib/python3.6/site-packages/airflow/example_dags/example_trigger_target_dag.py
[2021-07-16 17:24:16,447] {scheduler_job.py:642} INFO - DAG(s) dict_keys(['example_trigger_target_dag']) retrieved from /home/airflow/.local/lib/python3.6/site-packages/airflow/example_dags/example_trigger_target_dag.py
[2021-07-16 17:24:16,465] {logging_mixin.py:104} INFO - [2021-07-16 17:24:16,465] {dag.py:1833} INFO - Sync 1 DAGs
[2021-07-16 17:24:16,478] {logging_mixin.py:104} INFO - [2021-07-16 17:24:16,478] {dag.py:2306} INFO - Setting next_dagrun for example_trigger_target_dag to None
[2021-07-16 17:24:16,488] {scheduler_job.py:189} INFO - Processing /home/airflow/.local/lib/python3.6/site-packages/airflow/example_dags/example_trigger_target_dag.py took 0.057 seconds
[2021-07-16 17:24:46,889] {scheduler_job.py:181} INFO - Started process (PID=684) to work on /home/airflow/.local/lib/python3.6/site-packages/airflow/example_dags/example_trigger_target_dag.py
[2021-07-16 17:24:46,890] {scheduler_job.py:632} INFO - Processing file /home/airflow/.local/lib/python3.6/site-packages/airflow/example_dags/example_trigger_target_dag.py for tasks to queue
[2021-07-16 17:24:46,891] {logging_mixin.py:104} INFO - [2021-07-16 17:24:46,891] {dagbag.py:496} INFO - Filling up the DagBag from /home/airflow/.local/lib/python3.6/site-packages/airflow/example_dags/example_trigger_target_dag.py
[2021-07-16 17:24:46,907] {scheduler_job.py:642} INFO - DAG(s) dict_keys(['example_trigger_target_dag']) retrieved from /home/airflow/.local/lib/python3.6/site-packages/airflow/example_dags/example_trigger_target_dag.py
[2021-07-16 17:24:46,933] {logging_mixin.py:104} INFO - [2021-07-16 17:24:46,932] {dag.py:1833} INFO - Sync 1 DAGs
[2021-07-16 17:24:46,956] {logging_mixin.py:104} INFO - [2021-07-16 17:24:46,956] {dag.py:2306} INFO - Setting next_dagrun for example_trigger_target_dag to None
[2021-07-16 17:24:46,973] {scheduler_job.py:189} INFO - Processing /home/airflow/.local/lib/python3.6/site-packages/airflow/example_dags/example_trigger_target_dag.py took 0.088 seconds
[2021-07-16 17:25:17,422] {scheduler_job.py:181} INFO - Started process (PID=735) to work on /home/airflow/.local/lib/python3.6/site-packages/airflow/example_dags/example_trigger_target_dag.py
[2021-07-16 17:25:17,423] {scheduler_job.py:632} INFO - Processing file /home/airflow/.local/lib/python3.6/site-packages/airflow/example_dags/example_trigger_target_dag.py for tasks to queue
[2021-07-16 17:25:17,424] {logging_mixin.py:104} INFO - [2021-07-16 17:25:17,424] {dagbag.py:496} INFO - Filling up the DagBag from /home/airflow/.local/lib/python3.6/site-packages/airflow/example_dags/example_trigger_target_dag.py
[2021-07-16 17:25:17,435] {scheduler_job.py:642} INFO - DAG(s) dict_keys(['example_trigger_target_dag']) retrieved from /home/airflow/.local/lib/python3.6/site-packages/airflow/example_dags/example_trigger_target_dag.py
[2021-07-16 17:25:17,453] {logging_mixin.py:104} INFO - [2021-07-16 17:25:17,453] {dag.py:1833} INFO - Sync 1 DAGs
[2021-07-16 17:25:17,468] {logging_mixin.py:104} INFO - [2021-07-16 17:25:17,467] {dag.py:2306} INFO - Setting next_dagrun for example_trigger_target_dag to None
[2021-07-16 17:25:17,484] {scheduler_job.py:189} INFO - Processing /home/airflow/.local/lib/python3.6/site-packages/airflow/example_dags/example_trigger_target_dag.py took 0.065 seconds
[2021-07-16 17:25:48,259] {scheduler_job.py:181} INFO - Started process (PID=797) to work on /home/airflow/.local/lib/python3.6/site-packages/airflow/example_dags/example_trigger_target_dag.py
[2021-07-16 17:25:48,261] {scheduler_job.py:632} INFO - Processing file /home/airflow/.local/lib/python3.6/site-packages/airflow/example_dags/example_trigger_target_dag.py for tasks to queue
[2021-07-16 17:25:48,262] {logging_mixin.py:104} INFO - [2021-07-16 17:25:48,262] {dagbag.py:496} INFO - Filling up the DagBag from /home/airflow/.local/lib/python3.6/site-packages/airflow/example_dags/example_trigger_target_dag.py
[2021-07-16 17:25:48,282] {scheduler_job.py:642} INFO - DAG(s) dict_keys(['example_trigger_target_dag']) retrieved from /home/airflow/.local/lib/python3.6/site-packages/airflow/example_dags/example_trigger_target_dag.py
[2021-07-16 17:25:48,316] {logging_mixin.py:104} INFO - [2021-07-16 17:25:48,316] {dag.py:1833} INFO - Sync 1 DAGs
[2021-07-16 17:25:48,353] {logging_mixin.py:104} INFO - [2021-07-16 17:25:48,353] {dag.py:2306} INFO - Setting next_dagrun for example_trigger_target_dag to None
[2021-07-16 17:25:48,368] {scheduler_job.py:189} INFO - Processing /home/airflow/.local/lib/python3.6/site-packages/airflow/example_dags/example_trigger_target_dag.py took 0.114 seconds
[2021-07-16 17:26:18,583] {scheduler_job.py:181} INFO - Started process (PID=859) to work on /home/airflow/.local/lib/python3.6/site-packages/airflow/example_dags/example_trigger_target_dag.py
[2021-07-16 17:26:18,584] {scheduler_job.py:632} INFO - Processing file /home/airflow/.local/lib/python3.6/site-packages/airflow/example_dags/example_trigger_target_dag.py for tasks to queue
[2021-07-16 17:26:18,585] {logging_mixin.py:104} INFO - [2021-07-16 17:26:18,585] {dagbag.py:496} INFO - Filling up the DagBag from /home/airflow/.local/lib/python3.6/site-packages/airflow/example_dags/example_trigger_target_dag.py
[2021-07-16 17:26:18,599] {scheduler_job.py:642} INFO - DAG(s) dict_keys(['example_trigger_target_dag']) retrieved from /home/airflow/.local/lib/python3.6/site-packages/airflow/example_dags/example_trigger_target_dag.py
[2021-07-16 17:26:18,619] {logging_mixin.py:104} INFO - [2021-07-16 17:26:18,618] {dag.py:1833} INFO - Sync 1 DAGs
[2021-07-16 17:26:18,644] {logging_mixin.py:104} INFO - [2021-07-16 17:26:18,644] {dag.py:2306} INFO - Setting next_dagrun for example_trigger_target_dag to None
[2021-07-16 17:26:18,657] {scheduler_job.py:189} INFO - Processing /home/airflow/.local/lib/python3.6/site-packages/airflow/example_dags/example_trigger_target_dag.py took 0.077 seconds
