[2021-07-16 17:22:29,569] {scheduler_job.py:181} INFO - Started process (PID=230) to work on /home/airflow/.local/lib/python3.6/site-packages/airflow/example_dags/example_latest_only.py
[2021-07-16 17:22:29,570] {scheduler_job.py:632} INFO - Processing file /home/airflow/.local/lib/python3.6/site-packages/airflow/example_dags/example_latest_only.py for tasks to queue
[2021-07-16 17:22:29,571] {logging_mixin.py:104} INFO - [2021-07-16 17:22:29,571] {dagbag.py:496} INFO - Filling up the DagBag from /home/airflow/.local/lib/python3.6/site-packages/airflow/example_dags/example_latest_only.py
[2021-07-16 17:22:29,584] {scheduler_job.py:642} INFO - DAG(s) dict_keys(['latest_only']) retrieved from /home/airflow/.local/lib/python3.6/site-packages/airflow/example_dags/example_latest_only.py
[2021-07-16 17:22:31,652] {logging_mixin.py:104} INFO - [2021-07-16 17:22:31,652] {dag.py:1833} INFO - Sync 1 DAGs
[2021-07-16 17:22:31,662] {logging_mixin.py:104} INFO - [2021-07-16 17:22:31,661] {dag.py:1852} INFO - Creating ORM DAG for latest_only
[2021-07-16 17:22:31,666] {logging_mixin.py:104} INFO - [2021-07-16 17:22:31,666] {dag.py:2306} INFO - Setting next_dagrun for latest_only to 2021-07-14 00:00:00+00:00
[2021-07-16 17:22:31,677] {scheduler_job.py:189} INFO - Processing /home/airflow/.local/lib/python3.6/site-packages/airflow/example_dags/example_latest_only.py took 2.111 seconds
[2021-07-16 17:23:02,245] {scheduler_job.py:181} INFO - Started process (PID=485) to work on /home/airflow/.local/lib/python3.6/site-packages/airflow/example_dags/example_latest_only.py
[2021-07-16 17:23:02,247] {scheduler_job.py:632} INFO - Processing file /home/airflow/.local/lib/python3.6/site-packages/airflow/example_dags/example_latest_only.py for tasks to queue
[2021-07-16 17:23:02,248] {logging_mixin.py:104} INFO - [2021-07-16 17:23:02,248] {dagbag.py:496} INFO - Filling up the DagBag from /home/airflow/.local/lib/python3.6/site-packages/airflow/example_dags/example_latest_only.py
[2021-07-16 17:23:02,269] {scheduler_job.py:642} INFO - DAG(s) dict_keys(['latest_only']) retrieved from /home/airflow/.local/lib/python3.6/site-packages/airflow/example_dags/example_latest_only.py
[2021-07-16 17:23:02,294] {logging_mixin.py:104} INFO - [2021-07-16 17:23:02,293] {dag.py:1833} INFO - Sync 1 DAGs
[2021-07-16 17:23:02,308] {logging_mixin.py:104} INFO - [2021-07-16 17:23:02,308] {dag.py:2306} INFO - Setting next_dagrun for latest_only to 2021-07-14 00:00:00+00:00
[2021-07-16 17:23:02,319] {scheduler_job.py:189} INFO - Processing /home/airflow/.local/lib/python3.6/site-packages/airflow/example_dags/example_latest_only.py took 0.077 seconds
[2021-07-16 17:23:32,815] {scheduler_job.py:181} INFO - Started process (PID=547) to work on /home/airflow/.local/lib/python3.6/site-packages/airflow/example_dags/example_latest_only.py
[2021-07-16 17:23:32,816] {scheduler_job.py:632} INFO - Processing file /home/airflow/.local/lib/python3.6/site-packages/airflow/example_dags/example_latest_only.py for tasks to queue
[2021-07-16 17:23:32,817] {logging_mixin.py:104} INFO - [2021-07-16 17:23:32,817] {dagbag.py:496} INFO - Filling up the DagBag from /home/airflow/.local/lib/python3.6/site-packages/airflow/example_dags/example_latest_only.py
[2021-07-16 17:23:32,827] {scheduler_job.py:642} INFO - DAG(s) dict_keys(['latest_only']) retrieved from /home/airflow/.local/lib/python3.6/site-packages/airflow/example_dags/example_latest_only.py
[2021-07-16 17:23:32,846] {logging_mixin.py:104} INFO - [2021-07-16 17:23:32,846] {dag.py:1833} INFO - Sync 1 DAGs
[2021-07-16 17:23:32,863] {logging_mixin.py:104} INFO - [2021-07-16 17:23:32,863] {dag.py:2306} INFO - Setting next_dagrun for latest_only to 2021-07-14 00:00:00+00:00
[2021-07-16 17:23:32,882] {scheduler_job.py:189} INFO - Processing /home/airflow/.local/lib/python3.6/site-packages/airflow/example_dags/example_latest_only.py took 0.069 seconds
[2021-07-16 17:24:03,038] {scheduler_job.py:181} INFO - Started process (PID=601) to work on /home/airflow/.local/lib/python3.6/site-packages/airflow/example_dags/example_latest_only.py
[2021-07-16 17:24:03,039] {scheduler_job.py:632} INFO - Processing file /home/airflow/.local/lib/python3.6/site-packages/airflow/example_dags/example_latest_only.py for tasks to queue
[2021-07-16 17:24:03,040] {logging_mixin.py:104} INFO - [2021-07-16 17:24:03,040] {dagbag.py:496} INFO - Filling up the DagBag from /home/airflow/.local/lib/python3.6/site-packages/airflow/example_dags/example_latest_only.py
[2021-07-16 17:24:03,050] {scheduler_job.py:642} INFO - DAG(s) dict_keys(['latest_only']) retrieved from /home/airflow/.local/lib/python3.6/site-packages/airflow/example_dags/example_latest_only.py
[2021-07-16 17:24:03,071] {logging_mixin.py:104} INFO - [2021-07-16 17:24:03,071] {dag.py:1833} INFO - Sync 1 DAGs
[2021-07-16 17:24:03,084] {logging_mixin.py:104} INFO - [2021-07-16 17:24:03,084] {dag.py:2306} INFO - Setting next_dagrun for latest_only to 2021-07-14 00:00:00+00:00
[2021-07-16 17:24:03,093] {scheduler_job.py:189} INFO - Processing /home/airflow/.local/lib/python3.6/site-packages/airflow/example_dags/example_latest_only.py took 0.058 seconds
[2021-07-16 17:24:33,467] {scheduler_job.py:181} INFO - Started process (PID=663) to work on /home/airflow/.local/lib/python3.6/site-packages/airflow/example_dags/example_latest_only.py
[2021-07-16 17:24:33,469] {scheduler_job.py:632} INFO - Processing file /home/airflow/.local/lib/python3.6/site-packages/airflow/example_dags/example_latest_only.py for tasks to queue
[2021-07-16 17:24:33,470] {logging_mixin.py:104} INFO - [2021-07-16 17:24:33,470] {dagbag.py:496} INFO - Filling up the DagBag from /home/airflow/.local/lib/python3.6/site-packages/airflow/example_dags/example_latest_only.py
[2021-07-16 17:24:33,483] {scheduler_job.py:642} INFO - DAG(s) dict_keys(['latest_only']) retrieved from /home/airflow/.local/lib/python3.6/site-packages/airflow/example_dags/example_latest_only.py
[2021-07-16 17:24:33,503] {logging_mixin.py:104} INFO - [2021-07-16 17:24:33,503] {dag.py:1833} INFO - Sync 1 DAGs
[2021-07-16 17:24:33,518] {logging_mixin.py:104} INFO - [2021-07-16 17:24:33,518] {dag.py:2306} INFO - Setting next_dagrun for latest_only to 2021-07-14 00:00:00+00:00
[2021-07-16 17:24:33,528] {scheduler_job.py:189} INFO - Processing /home/airflow/.local/lib/python3.6/site-packages/airflow/example_dags/example_latest_only.py took 0.064 seconds
[2021-07-16 17:25:03,997] {scheduler_job.py:181} INFO - Started process (PID=714) to work on /home/airflow/.local/lib/python3.6/site-packages/airflow/example_dags/example_latest_only.py
[2021-07-16 17:25:03,999] {scheduler_job.py:632} INFO - Processing file /home/airflow/.local/lib/python3.6/site-packages/airflow/example_dags/example_latest_only.py for tasks to queue
[2021-07-16 17:25:04,000] {logging_mixin.py:104} INFO - [2021-07-16 17:25:04,000] {dagbag.py:496} INFO - Filling up the DagBag from /home/airflow/.local/lib/python3.6/site-packages/airflow/example_dags/example_latest_only.py
[2021-07-16 17:25:04,011] {scheduler_job.py:642} INFO - DAG(s) dict_keys(['latest_only']) retrieved from /home/airflow/.local/lib/python3.6/site-packages/airflow/example_dags/example_latest_only.py
[2021-07-16 17:25:04,032] {logging_mixin.py:104} INFO - [2021-07-16 17:25:04,031] {dag.py:1833} INFO - Sync 1 DAGs
[2021-07-16 17:25:04,047] {logging_mixin.py:104} INFO - [2021-07-16 17:25:04,047] {dag.py:2306} INFO - Setting next_dagrun for latest_only to 2021-07-14 00:00:00+00:00
[2021-07-16 17:25:04,059] {scheduler_job.py:189} INFO - Processing /home/airflow/.local/lib/python3.6/site-packages/airflow/example_dags/example_latest_only.py took 0.065 seconds
[2021-07-16 17:25:34,647] {scheduler_job.py:181} INFO - Started process (PID=776) to work on /home/airflow/.local/lib/python3.6/site-packages/airflow/example_dags/example_latest_only.py
[2021-07-16 17:25:34,649] {scheduler_job.py:632} INFO - Processing file /home/airflow/.local/lib/python3.6/site-packages/airflow/example_dags/example_latest_only.py for tasks to queue
[2021-07-16 17:25:34,650] {logging_mixin.py:104} INFO - [2021-07-16 17:25:34,650] {dagbag.py:496} INFO - Filling up the DagBag from /home/airflow/.local/lib/python3.6/site-packages/airflow/example_dags/example_latest_only.py
[2021-07-16 17:25:34,663] {scheduler_job.py:642} INFO - DAG(s) dict_keys(['latest_only']) retrieved from /home/airflow/.local/lib/python3.6/site-packages/airflow/example_dags/example_latest_only.py
[2021-07-16 17:25:34,690] {logging_mixin.py:104} INFO - [2021-07-16 17:25:34,690] {dag.py:1833} INFO - Sync 1 DAGs
[2021-07-16 17:25:34,729] {logging_mixin.py:104} INFO - [2021-07-16 17:25:34,729] {dag.py:2306} INFO - Setting next_dagrun for latest_only to 2021-07-14 00:00:00+00:00
[2021-07-16 17:25:34,761] {scheduler_job.py:189} INFO - Processing /home/airflow/.local/lib/python3.6/site-packages/airflow/example_dags/example_latest_only.py took 0.117 seconds
[2021-07-16 17:26:05,053] {scheduler_job.py:181} INFO - Started process (PID=827) to work on /home/airflow/.local/lib/python3.6/site-packages/airflow/example_dags/example_latest_only.py
[2021-07-16 17:26:05,054] {scheduler_job.py:632} INFO - Processing file /home/airflow/.local/lib/python3.6/site-packages/airflow/example_dags/example_latest_only.py for tasks to queue
[2021-07-16 17:26:05,055] {logging_mixin.py:104} INFO - [2021-07-16 17:26:05,055] {dagbag.py:496} INFO - Filling up the DagBag from /home/airflow/.local/lib/python3.6/site-packages/airflow/example_dags/example_latest_only.py
[2021-07-16 17:26:05,066] {scheduler_job.py:642} INFO - DAG(s) dict_keys(['latest_only']) retrieved from /home/airflow/.local/lib/python3.6/site-packages/airflow/example_dags/example_latest_only.py
[2021-07-16 17:26:05,086] {logging_mixin.py:104} INFO - [2021-07-16 17:26:05,086] {dag.py:1833} INFO - Sync 1 DAGs
[2021-07-16 17:26:05,100] {logging_mixin.py:104} INFO - [2021-07-16 17:26:05,100] {dag.py:2306} INFO - Setting next_dagrun for latest_only to 2021-07-14 00:00:00+00:00
[2021-07-16 17:26:05,113] {scheduler_job.py:189} INFO - Processing /home/airflow/.local/lib/python3.6/site-packages/airflow/example_dags/example_latest_only.py took 0.062 seconds
