[2021-07-16 17:22:29,535] {scheduler_job.py:181} INFO - Started process (PID=229) to work on /home/airflow/.local/lib/python3.6/site-packages/airflow/example_dags/example_branch_day_of_week_operator.py
[2021-07-16 17:22:29,536] {scheduler_job.py:632} INFO - Processing file /home/airflow/.local/lib/python3.6/site-packages/airflow/example_dags/example_branch_day_of_week_operator.py for tasks to queue
[2021-07-16 17:22:29,537] {logging_mixin.py:104} INFO - [2021-07-16 17:22:29,537] {dagbag.py:496} INFO - Filling up the DagBag from /home/airflow/.local/lib/python3.6/site-packages/airflow/example_dags/example_branch_day_of_week_operator.py
[2021-07-16 17:22:29,549] {scheduler_job.py:642} INFO - DAG(s) dict_keys(['example_weekday_branch_operator']) retrieved from /home/airflow/.local/lib/python3.6/site-packages/airflow/example_dags/example_branch_day_of_week_operator.py
[2021-07-16 17:22:31,586] {logging_mixin.py:104} INFO - [2021-07-16 17:22:31,586] {dag.py:1833} INFO - Sync 1 DAGs
[2021-07-16 17:22:31,597] {logging_mixin.py:104} INFO - [2021-07-16 17:22:31,596] {dag.py:1852} INFO - Creating ORM DAG for example_weekday_branch_operator
[2021-07-16 17:22:31,605] {logging_mixin.py:104} INFO - [2021-07-16 17:22:31,605] {dag.py:2306} INFO - Setting next_dagrun for example_weekday_branch_operator to 2021-07-14 00:00:00+00:00
[2021-07-16 17:22:31,616] {scheduler_job.py:189} INFO - Processing /home/airflow/.local/lib/python3.6/site-packages/airflow/example_dags/example_branch_day_of_week_operator.py took 2.084 seconds
[2021-07-16 17:23:02,245] {scheduler_job.py:181} INFO - Started process (PID=484) to work on /home/airflow/.local/lib/python3.6/site-packages/airflow/example_dags/example_branch_day_of_week_operator.py
[2021-07-16 17:23:02,246] {scheduler_job.py:632} INFO - Processing file /home/airflow/.local/lib/python3.6/site-packages/airflow/example_dags/example_branch_day_of_week_operator.py for tasks to queue
[2021-07-16 17:23:02,248] {logging_mixin.py:104} INFO - [2021-07-16 17:23:02,247] {dagbag.py:496} INFO - Filling up the DagBag from /home/airflow/.local/lib/python3.6/site-packages/airflow/example_dags/example_branch_day_of_week_operator.py
[2021-07-16 17:23:02,269] {scheduler_job.py:642} INFO - DAG(s) dict_keys(['example_weekday_branch_operator']) retrieved from /home/airflow/.local/lib/python3.6/site-packages/airflow/example_dags/example_branch_day_of_week_operator.py
[2021-07-16 17:23:02,294] {logging_mixin.py:104} INFO - [2021-07-16 17:23:02,294] {dag.py:1833} INFO - Sync 1 DAGs
[2021-07-16 17:23:02,311] {logging_mixin.py:104} INFO - [2021-07-16 17:23:02,311] {dag.py:2306} INFO - Setting next_dagrun for example_weekday_branch_operator to 2021-07-14 00:00:00+00:00
[2021-07-16 17:23:02,320] {scheduler_job.py:189} INFO - Processing /home/airflow/.local/lib/python3.6/site-packages/airflow/example_dags/example_branch_day_of_week_operator.py took 0.079 seconds
[2021-07-16 17:23:32,815] {scheduler_job.py:181} INFO - Started process (PID=546) to work on /home/airflow/.local/lib/python3.6/site-packages/airflow/example_dags/example_branch_day_of_week_operator.py
[2021-07-16 17:23:32,816] {scheduler_job.py:632} INFO - Processing file /home/airflow/.local/lib/python3.6/site-packages/airflow/example_dags/example_branch_day_of_week_operator.py for tasks to queue
[2021-07-16 17:23:32,817] {logging_mixin.py:104} INFO - [2021-07-16 17:23:32,817] {dagbag.py:496} INFO - Filling up the DagBag from /home/airflow/.local/lib/python3.6/site-packages/airflow/example_dags/example_branch_day_of_week_operator.py
[2021-07-16 17:23:32,828] {scheduler_job.py:642} INFO - DAG(s) dict_keys(['example_weekday_branch_operator']) retrieved from /home/airflow/.local/lib/python3.6/site-packages/airflow/example_dags/example_branch_day_of_week_operator.py
[2021-07-16 17:23:32,848] {logging_mixin.py:104} INFO - [2021-07-16 17:23:32,848] {dag.py:1833} INFO - Sync 1 DAGs
[2021-07-16 17:23:32,868] {logging_mixin.py:104} INFO - [2021-07-16 17:23:32,868] {dag.py:2306} INFO - Setting next_dagrun for example_weekday_branch_operator to 2021-07-14 00:00:00+00:00
[2021-07-16 17:23:32,883] {scheduler_job.py:189} INFO - Processing /home/airflow/.local/lib/python3.6/site-packages/airflow/example_dags/example_branch_day_of_week_operator.py took 0.070 seconds
[2021-07-16 17:24:03,038] {scheduler_job.py:181} INFO - Started process (PID=600) to work on /home/airflow/.local/lib/python3.6/site-packages/airflow/example_dags/example_branch_day_of_week_operator.py
[2021-07-16 17:24:03,039] {scheduler_job.py:632} INFO - Processing file /home/airflow/.local/lib/python3.6/site-packages/airflow/example_dags/example_branch_day_of_week_operator.py for tasks to queue
[2021-07-16 17:24:03,040] {logging_mixin.py:104} INFO - [2021-07-16 17:24:03,040] {dagbag.py:496} INFO - Filling up the DagBag from /home/airflow/.local/lib/python3.6/site-packages/airflow/example_dags/example_branch_day_of_week_operator.py
[2021-07-16 17:24:03,050] {scheduler_job.py:642} INFO - DAG(s) dict_keys(['example_weekday_branch_operator']) retrieved from /home/airflow/.local/lib/python3.6/site-packages/airflow/example_dags/example_branch_day_of_week_operator.py
[2021-07-16 17:24:03,071] {logging_mixin.py:104} INFO - [2021-07-16 17:24:03,071] {dag.py:1833} INFO - Sync 1 DAGs
[2021-07-16 17:24:03,086] {logging_mixin.py:104} INFO - [2021-07-16 17:24:03,086] {dag.py:2306} INFO - Setting next_dagrun for example_weekday_branch_operator to 2021-07-14 00:00:00+00:00
[2021-07-16 17:24:03,096] {scheduler_job.py:189} INFO - Processing /home/airflow/.local/lib/python3.6/site-packages/airflow/example_dags/example_branch_day_of_week_operator.py took 0.060 seconds
[2021-07-16 17:24:33,467] {scheduler_job.py:181} INFO - Started process (PID=662) to work on /home/airflow/.local/lib/python3.6/site-packages/airflow/example_dags/example_branch_day_of_week_operator.py
[2021-07-16 17:24:33,469] {scheduler_job.py:632} INFO - Processing file /home/airflow/.local/lib/python3.6/site-packages/airflow/example_dags/example_branch_day_of_week_operator.py for tasks to queue
[2021-07-16 17:24:33,470] {logging_mixin.py:104} INFO - [2021-07-16 17:24:33,470] {dagbag.py:496} INFO - Filling up the DagBag from /home/airflow/.local/lib/python3.6/site-packages/airflow/example_dags/example_branch_day_of_week_operator.py
[2021-07-16 17:24:33,483] {scheduler_job.py:642} INFO - DAG(s) dict_keys(['example_weekday_branch_operator']) retrieved from /home/airflow/.local/lib/python3.6/site-packages/airflow/example_dags/example_branch_day_of_week_operator.py
[2021-07-16 17:24:33,503] {logging_mixin.py:104} INFO - [2021-07-16 17:24:33,503] {dag.py:1833} INFO - Sync 1 DAGs
[2021-07-16 17:24:33,522] {logging_mixin.py:104} INFO - [2021-07-16 17:24:33,522] {dag.py:2306} INFO - Setting next_dagrun for example_weekday_branch_operator to 2021-07-14 00:00:00+00:00
[2021-07-16 17:24:33,533] {scheduler_job.py:189} INFO - Processing /home/airflow/.local/lib/python3.6/site-packages/airflow/example_dags/example_branch_day_of_week_operator.py took 0.069 seconds
[2021-07-16 17:25:03,997] {scheduler_job.py:181} INFO - Started process (PID=713) to work on /home/airflow/.local/lib/python3.6/site-packages/airflow/example_dags/example_branch_day_of_week_operator.py
[2021-07-16 17:25:03,999] {scheduler_job.py:632} INFO - Processing file /home/airflow/.local/lib/python3.6/site-packages/airflow/example_dags/example_branch_day_of_week_operator.py for tasks to queue
[2021-07-16 17:25:04,000] {logging_mixin.py:104} INFO - [2021-07-16 17:25:04,000] {dagbag.py:496} INFO - Filling up the DagBag from /home/airflow/.local/lib/python3.6/site-packages/airflow/example_dags/example_branch_day_of_week_operator.py
[2021-07-16 17:25:04,012] {scheduler_job.py:642} INFO - DAG(s) dict_keys(['example_weekday_branch_operator']) retrieved from /home/airflow/.local/lib/python3.6/site-packages/airflow/example_dags/example_branch_day_of_week_operator.py
[2021-07-16 17:25:04,032] {logging_mixin.py:104} INFO - [2021-07-16 17:25:04,032] {dag.py:1833} INFO - Sync 1 DAGs
[2021-07-16 17:25:04,051] {logging_mixin.py:104} INFO - [2021-07-16 17:25:04,051] {dag.py:2306} INFO - Setting next_dagrun for example_weekday_branch_operator to 2021-07-14 00:00:00+00:00
[2021-07-16 17:25:04,064] {scheduler_job.py:189} INFO - Processing /home/airflow/.local/lib/python3.6/site-packages/airflow/example_dags/example_branch_day_of_week_operator.py took 0.070 seconds
[2021-07-16 17:25:34,646] {scheduler_job.py:181} INFO - Started process (PID=775) to work on /home/airflow/.local/lib/python3.6/site-packages/airflow/example_dags/example_branch_day_of_week_operator.py
[2021-07-16 17:25:34,647] {scheduler_job.py:632} INFO - Processing file /home/airflow/.local/lib/python3.6/site-packages/airflow/example_dags/example_branch_day_of_week_operator.py for tasks to queue
[2021-07-16 17:25:34,648] {logging_mixin.py:104} INFO - [2021-07-16 17:25:34,648] {dagbag.py:496} INFO - Filling up the DagBag from /home/airflow/.local/lib/python3.6/site-packages/airflow/example_dags/example_branch_day_of_week_operator.py
[2021-07-16 17:25:34,661] {scheduler_job.py:642} INFO - DAG(s) dict_keys(['example_weekday_branch_operator']) retrieved from /home/airflow/.local/lib/python3.6/site-packages/airflow/example_dags/example_branch_day_of_week_operator.py
[2021-07-16 17:25:34,686] {logging_mixin.py:104} INFO - [2021-07-16 17:25:34,686] {dag.py:1833} INFO - Sync 1 DAGs
[2021-07-16 17:25:34,734] {logging_mixin.py:104} INFO - [2021-07-16 17:25:34,734] {dag.py:2306} INFO - Setting next_dagrun for example_weekday_branch_operator to 2021-07-14 00:00:00+00:00
[2021-07-16 17:25:34,763] {scheduler_job.py:189} INFO - Processing /home/airflow/.local/lib/python3.6/site-packages/airflow/example_dags/example_branch_day_of_week_operator.py took 0.119 seconds
[2021-07-16 17:26:05,053] {scheduler_job.py:181} INFO - Started process (PID=826) to work on /home/airflow/.local/lib/python3.6/site-packages/airflow/example_dags/example_branch_day_of_week_operator.py
[2021-07-16 17:26:05,055] {scheduler_job.py:632} INFO - Processing file /home/airflow/.local/lib/python3.6/site-packages/airflow/example_dags/example_branch_day_of_week_operator.py for tasks to queue
[2021-07-16 17:26:05,055] {logging_mixin.py:104} INFO - [2021-07-16 17:26:05,055] {dagbag.py:496} INFO - Filling up the DagBag from /home/airflow/.local/lib/python3.6/site-packages/airflow/example_dags/example_branch_day_of_week_operator.py
[2021-07-16 17:26:05,066] {scheduler_job.py:642} INFO - DAG(s) dict_keys(['example_weekday_branch_operator']) retrieved from /home/airflow/.local/lib/python3.6/site-packages/airflow/example_dags/example_branch_day_of_week_operator.py
[2021-07-16 17:26:05,086] {logging_mixin.py:104} INFO - [2021-07-16 17:26:05,085] {dag.py:1833} INFO - Sync 1 DAGs
[2021-07-16 17:26:05,102] {logging_mixin.py:104} INFO - [2021-07-16 17:26:05,102] {dag.py:2306} INFO - Setting next_dagrun for example_weekday_branch_operator to 2021-07-14 00:00:00+00:00
[2021-07-16 17:26:05,114] {scheduler_job.py:189} INFO - Processing /home/airflow/.local/lib/python3.6/site-packages/airflow/example_dags/example_branch_day_of_week_operator.py took 0.063 seconds
