[2021-07-16 17:22:36,131] {scheduler_job.py:181} INFO - Started process (PID=318) to work on /home/airflow/.local/lib/python3.6/site-packages/airflow/example_dags/example_bash_operator.py
[2021-07-16 17:22:36,132] {scheduler_job.py:632} INFO - Processing file /home/airflow/.local/lib/python3.6/site-packages/airflow/example_dags/example_bash_operator.py for tasks to queue
[2021-07-16 17:22:36,133] {logging_mixin.py:104} INFO - [2021-07-16 17:22:36,133] {dagbag.py:496} INFO - Filling up the DagBag from /home/airflow/.local/lib/python3.6/site-packages/airflow/example_dags/example_bash_operator.py
[2021-07-16 17:22:36,147] {scheduler_job.py:642} INFO - DAG(s) dict_keys(['example_bash_operator']) retrieved from /home/airflow/.local/lib/python3.6/site-packages/airflow/example_dags/example_bash_operator.py
[2021-07-16 17:22:38,462] {logging_mixin.py:104} INFO - [2021-07-16 17:22:38,462] {dag.py:1833} INFO - Sync 1 DAGs
[2021-07-16 17:22:38,475] {logging_mixin.py:104} INFO - [2021-07-16 17:22:38,473] {dag.py:1852} INFO - Creating ORM DAG for example_bash_operator
[2021-07-16 17:22:38,492] {logging_mixin.py:104} INFO - [2021-07-16 17:22:38,492] {dag.py:2306} INFO - Setting next_dagrun for example_bash_operator to 2021-07-14 00:00:00+00:00
[2021-07-16 17:22:38,510] {scheduler_job.py:189} INFO - Processing /home/airflow/.local/lib/python3.6/site-packages/airflow/example_dags/example_bash_operator.py took 2.382 seconds
[2021-07-16 17:23:08,559] {scheduler_job.py:181} INFO - Started process (PID=490) to work on /home/airflow/.local/lib/python3.6/site-packages/airflow/example_dags/example_bash_operator.py
[2021-07-16 17:23:08,560] {scheduler_job.py:632} INFO - Processing file /home/airflow/.local/lib/python3.6/site-packages/airflow/example_dags/example_bash_operator.py for tasks to queue
[2021-07-16 17:23:08,561] {logging_mixin.py:104} INFO - [2021-07-16 17:23:08,560] {dagbag.py:496} INFO - Filling up the DagBag from /home/airflow/.local/lib/python3.6/site-packages/airflow/example_dags/example_bash_operator.py
[2021-07-16 17:23:08,573] {scheduler_job.py:642} INFO - DAG(s) dict_keys(['example_bash_operator']) retrieved from /home/airflow/.local/lib/python3.6/site-packages/airflow/example_dags/example_bash_operator.py
[2021-07-16 17:23:08,596] {logging_mixin.py:104} INFO - [2021-07-16 17:23:08,596] {dag.py:1833} INFO - Sync 1 DAGs
[2021-07-16 17:23:08,611] {logging_mixin.py:104} INFO - [2021-07-16 17:23:08,611] {dag.py:2306} INFO - Setting next_dagrun for example_bash_operator to 2021-07-14 00:00:00+00:00
[2021-07-16 17:23:08,622] {scheduler_job.py:189} INFO - Processing /home/airflow/.local/lib/python3.6/site-packages/airflow/example_dags/example_bash_operator.py took 0.066 seconds
[2021-07-16 17:23:38,932] {scheduler_job.py:181} INFO - Started process (PID=553) to work on /home/airflow/.local/lib/python3.6/site-packages/airflow/example_dags/example_bash_operator.py
[2021-07-16 17:23:38,933] {scheduler_job.py:632} INFO - Processing file /home/airflow/.local/lib/python3.6/site-packages/airflow/example_dags/example_bash_operator.py for tasks to queue
[2021-07-16 17:23:38,934] {logging_mixin.py:104} INFO - [2021-07-16 17:23:38,934] {dagbag.py:496} INFO - Filling up the DagBag from /home/airflow/.local/lib/python3.6/site-packages/airflow/example_dags/example_bash_operator.py
[2021-07-16 17:23:38,947] {scheduler_job.py:642} INFO - DAG(s) dict_keys(['example_bash_operator']) retrieved from /home/airflow/.local/lib/python3.6/site-packages/airflow/example_dags/example_bash_operator.py
[2021-07-16 17:23:38,965] {logging_mixin.py:104} INFO - [2021-07-16 17:23:38,965] {dag.py:1833} INFO - Sync 1 DAGs
[2021-07-16 17:23:38,981] {logging_mixin.py:104} INFO - [2021-07-16 17:23:38,981] {dag.py:2306} INFO - Setting next_dagrun for example_bash_operator to 2021-07-14 00:00:00+00:00
[2021-07-16 17:23:38,990] {scheduler_job.py:189} INFO - Processing /home/airflow/.local/lib/python3.6/site-packages/airflow/example_dags/example_bash_operator.py took 0.061 seconds
[2021-07-16 17:24:09,227] {scheduler_job.py:181} INFO - Started process (PID=616) to work on /home/airflow/.local/lib/python3.6/site-packages/airflow/example_dags/example_bash_operator.py
[2021-07-16 17:24:09,228] {scheduler_job.py:632} INFO - Processing file /home/airflow/.local/lib/python3.6/site-packages/airflow/example_dags/example_bash_operator.py for tasks to queue
[2021-07-16 17:24:09,229] {logging_mixin.py:104} INFO - [2021-07-16 17:24:09,229] {dagbag.py:496} INFO - Filling up the DagBag from /home/airflow/.local/lib/python3.6/site-packages/airflow/example_dags/example_bash_operator.py
[2021-07-16 17:24:09,243] {scheduler_job.py:642} INFO - DAG(s) dict_keys(['example_bash_operator']) retrieved from /home/airflow/.local/lib/python3.6/site-packages/airflow/example_dags/example_bash_operator.py
[2021-07-16 17:24:09,262] {logging_mixin.py:104} INFO - [2021-07-16 17:24:09,262] {dag.py:1833} INFO - Sync 1 DAGs
[2021-07-16 17:24:09,279] {logging_mixin.py:104} INFO - [2021-07-16 17:24:09,279] {dag.py:2306} INFO - Setting next_dagrun for example_bash_operator to 2021-07-14 00:00:00+00:00
[2021-07-16 17:24:09,300] {scheduler_job.py:189} INFO - Processing /home/airflow/.local/lib/python3.6/site-packages/airflow/example_dags/example_bash_operator.py took 0.076 seconds
[2021-07-16 17:24:39,696] {scheduler_job.py:181} INFO - Started process (PID=668) to work on /home/airflow/.local/lib/python3.6/site-packages/airflow/example_dags/example_bash_operator.py
[2021-07-16 17:24:39,698] {scheduler_job.py:632} INFO - Processing file /home/airflow/.local/lib/python3.6/site-packages/airflow/example_dags/example_bash_operator.py for tasks to queue
[2021-07-16 17:24:39,699] {logging_mixin.py:104} INFO - [2021-07-16 17:24:39,698] {dagbag.py:496} INFO - Filling up the DagBag from /home/airflow/.local/lib/python3.6/site-packages/airflow/example_dags/example_bash_operator.py
[2021-07-16 17:24:39,713] {scheduler_job.py:642} INFO - DAG(s) dict_keys(['example_bash_operator']) retrieved from /home/airflow/.local/lib/python3.6/site-packages/airflow/example_dags/example_bash_operator.py
[2021-07-16 17:24:39,732] {logging_mixin.py:104} INFO - [2021-07-16 17:24:39,732] {dag.py:1833} INFO - Sync 1 DAGs
[2021-07-16 17:24:39,751] {logging_mixin.py:104} INFO - [2021-07-16 17:24:39,751] {dag.py:2306} INFO - Setting next_dagrun for example_bash_operator to 2021-07-14 00:00:00+00:00
[2021-07-16 17:24:39,764] {scheduler_job.py:189} INFO - Processing /home/airflow/.local/lib/python3.6/site-packages/airflow/example_dags/example_bash_operator.py took 0.070 seconds
[2021-07-16 17:25:10,228] {scheduler_job.py:181} INFO - Started process (PID=729) to work on /home/airflow/.local/lib/python3.6/site-packages/airflow/example_dags/example_bash_operator.py
[2021-07-16 17:25:10,230] {scheduler_job.py:632} INFO - Processing file /home/airflow/.local/lib/python3.6/site-packages/airflow/example_dags/example_bash_operator.py for tasks to queue
[2021-07-16 17:25:10,231] {logging_mixin.py:104} INFO - [2021-07-16 17:25:10,231] {dagbag.py:496} INFO - Filling up the DagBag from /home/airflow/.local/lib/python3.6/site-packages/airflow/example_dags/example_bash_operator.py
[2021-07-16 17:25:10,243] {scheduler_job.py:642} INFO - DAG(s) dict_keys(['example_bash_operator']) retrieved from /home/airflow/.local/lib/python3.6/site-packages/airflow/example_dags/example_bash_operator.py
[2021-07-16 17:25:10,264] {logging_mixin.py:104} INFO - [2021-07-16 17:25:10,264] {dag.py:1833} INFO - Sync 1 DAGs
[2021-07-16 17:25:10,282] {logging_mixin.py:104} INFO - [2021-07-16 17:25:10,282] {dag.py:2306} INFO - Setting next_dagrun for example_bash_operator to 2021-07-14 00:00:00+00:00
[2021-07-16 17:25:10,302] {scheduler_job.py:189} INFO - Processing /home/airflow/.local/lib/python3.6/site-packages/airflow/example_dags/example_bash_operator.py took 0.076 seconds
[2021-07-16 17:25:41,018] {scheduler_job.py:181} INFO - Started process (PID=781) to work on /home/airflow/.local/lib/python3.6/site-packages/airflow/example_dags/example_bash_operator.py
[2021-07-16 17:25:41,019] {scheduler_job.py:632} INFO - Processing file /home/airflow/.local/lib/python3.6/site-packages/airflow/example_dags/example_bash_operator.py for tasks to queue
[2021-07-16 17:25:41,020] {logging_mixin.py:104} INFO - [2021-07-16 17:25:41,020] {dagbag.py:496} INFO - Filling up the DagBag from /home/airflow/.local/lib/python3.6/site-packages/airflow/example_dags/example_bash_operator.py
[2021-07-16 17:25:41,034] {scheduler_job.py:642} INFO - DAG(s) dict_keys(['example_bash_operator']) retrieved from /home/airflow/.local/lib/python3.6/site-packages/airflow/example_dags/example_bash_operator.py
[2021-07-16 17:25:41,054] {logging_mixin.py:104} INFO - [2021-07-16 17:25:41,054] {dag.py:1833} INFO - Sync 1 DAGs
[2021-07-16 17:25:41,071] {logging_mixin.py:104} INFO - [2021-07-16 17:25:41,071] {dag.py:2306} INFO - Setting next_dagrun for example_bash_operator to 2021-07-14 00:00:00+00:00
[2021-07-16 17:25:41,084] {scheduler_job.py:189} INFO - Processing /home/airflow/.local/lib/python3.6/site-packages/airflow/example_dags/example_bash_operator.py took 0.071 seconds
[2021-07-16 17:26:11,251] {scheduler_job.py:181} INFO - Started process (PID=842) to work on /home/airflow/.local/lib/python3.6/site-packages/airflow/example_dags/example_bash_operator.py
[2021-07-16 17:26:11,253] {scheduler_job.py:632} INFO - Processing file /home/airflow/.local/lib/python3.6/site-packages/airflow/example_dags/example_bash_operator.py for tasks to queue
[2021-07-16 17:26:11,254] {logging_mixin.py:104} INFO - [2021-07-16 17:26:11,254] {dagbag.py:496} INFO - Filling up the DagBag from /home/airflow/.local/lib/python3.6/site-packages/airflow/example_dags/example_bash_operator.py
[2021-07-16 17:26:11,268] {scheduler_job.py:642} INFO - DAG(s) dict_keys(['example_bash_operator']) retrieved from /home/airflow/.local/lib/python3.6/site-packages/airflow/example_dags/example_bash_operator.py
[2021-07-16 17:26:11,287] {logging_mixin.py:104} INFO - [2021-07-16 17:26:11,287] {dag.py:1833} INFO - Sync 1 DAGs
[2021-07-16 17:26:11,306] {logging_mixin.py:104} INFO - [2021-07-16 17:26:11,306] {dag.py:2306} INFO - Setting next_dagrun for example_bash_operator to 2021-07-14 00:00:00+00:00
[2021-07-16 17:26:11,316] {scheduler_job.py:189} INFO - Processing /home/airflow/.local/lib/python3.6/site-packages/airflow/example_dags/example_bash_operator.py took 0.068 seconds
