[2021-07-16 17:22:14,842] {scheduler_job.py:181} INFO - Started process (PID=88) to work on /home/airflow/.local/lib/python3.6/site-packages/airflow/example_dags/example_branch_labels.py
[2021-07-16 17:22:14,843] {scheduler_job.py:632} INFO - Processing file /home/airflow/.local/lib/python3.6/site-packages/airflow/example_dags/example_branch_labels.py for tasks to queue
[2021-07-16 17:22:14,844] {logging_mixin.py:104} INFO - [2021-07-16 17:22:14,844] {dagbag.py:496} INFO - Filling up the DagBag from /home/airflow/.local/lib/python3.6/site-packages/airflow/example_dags/example_branch_labels.py
[2021-07-16 17:22:14,857] {scheduler_job.py:642} INFO - DAG(s) dict_keys(['example_branch_labels']) retrieved from /home/airflow/.local/lib/python3.6/site-packages/airflow/example_dags/example_branch_labels.py
[2021-07-16 17:22:17,191] {logging_mixin.py:104} INFO - [2021-07-16 17:22:17,191] {dag.py:1833} INFO - Sync 1 DAGs
[2021-07-16 17:22:17,202] {logging_mixin.py:104} INFO - [2021-07-16 17:22:17,201] {dag.py:1852} INFO - Creating ORM DAG for example_branch_labels
[2021-07-16 17:22:17,209] {logging_mixin.py:104} INFO - [2021-07-16 17:22:17,209] {dag.py:2306} INFO - Setting next_dagrun for example_branch_labels to 2021-07-14 00:00:00+00:00
[2021-07-16 17:22:17,218] {scheduler_job.py:189} INFO - Processing /home/airflow/.local/lib/python3.6/site-packages/airflow/example_dags/example_branch_labels.py took 2.378 seconds
[2021-07-16 17:22:47,787] {scheduler_job.py:181} INFO - Started process (PID=463) to work on /home/airflow/.local/lib/python3.6/site-packages/airflow/example_dags/example_branch_labels.py
[2021-07-16 17:22:47,789] {scheduler_job.py:632} INFO - Processing file /home/airflow/.local/lib/python3.6/site-packages/airflow/example_dags/example_branch_labels.py for tasks to queue
[2021-07-16 17:22:47,789] {logging_mixin.py:104} INFO - [2021-07-16 17:22:47,789] {dagbag.py:496} INFO - Filling up the DagBag from /home/airflow/.local/lib/python3.6/site-packages/airflow/example_dags/example_branch_labels.py
[2021-07-16 17:22:47,800] {scheduler_job.py:642} INFO - DAG(s) dict_keys(['example_branch_labels']) retrieved from /home/airflow/.local/lib/python3.6/site-packages/airflow/example_dags/example_branch_labels.py
[2021-07-16 17:22:47,818] {logging_mixin.py:104} INFO - [2021-07-16 17:22:47,818] {dag.py:1833} INFO - Sync 1 DAGs
[2021-07-16 17:22:47,834] {logging_mixin.py:104} INFO - [2021-07-16 17:22:47,834] {dag.py:2306} INFO - Setting next_dagrun for example_branch_labels to 2021-07-14 00:00:00+00:00
[2021-07-16 17:22:47,843] {scheduler_job.py:189} INFO - Processing /home/airflow/.local/lib/python3.6/site-packages/airflow/example_dags/example_branch_labels.py took 0.058 seconds
[2021-07-16 17:23:18,091] {scheduler_job.py:181} INFO - Started process (PID=513) to work on /home/airflow/.local/lib/python3.6/site-packages/airflow/example_dags/example_branch_labels.py
[2021-07-16 17:23:18,092] {scheduler_job.py:632} INFO - Processing file /home/airflow/.local/lib/python3.6/site-packages/airflow/example_dags/example_branch_labels.py for tasks to queue
[2021-07-16 17:23:18,093] {logging_mixin.py:104} INFO - [2021-07-16 17:23:18,093] {dagbag.py:496} INFO - Filling up the DagBag from /home/airflow/.local/lib/python3.6/site-packages/airflow/example_dags/example_branch_labels.py
[2021-07-16 17:23:18,104] {scheduler_job.py:642} INFO - DAG(s) dict_keys(['example_branch_labels']) retrieved from /home/airflow/.local/lib/python3.6/site-packages/airflow/example_dags/example_branch_labels.py
[2021-07-16 17:23:18,123] {logging_mixin.py:104} INFO - [2021-07-16 17:23:18,123] {dag.py:1833} INFO - Sync 1 DAGs
[2021-07-16 17:23:18,139] {logging_mixin.py:104} INFO - [2021-07-16 17:23:18,139] {dag.py:2306} INFO - Setting next_dagrun for example_branch_labels to 2021-07-14 00:00:00+00:00
[2021-07-16 17:23:18,148] {scheduler_job.py:189} INFO - Processing /home/airflow/.local/lib/python3.6/site-packages/airflow/example_dags/example_branch_labels.py took 0.060 seconds
[2021-07-16 17:23:48,446] {scheduler_job.py:181} INFO - Started process (PID=576) to work on /home/airflow/.local/lib/python3.6/site-packages/airflow/example_dags/example_branch_labels.py
[2021-07-16 17:23:48,448] {scheduler_job.py:632} INFO - Processing file /home/airflow/.local/lib/python3.6/site-packages/airflow/example_dags/example_branch_labels.py for tasks to queue
[2021-07-16 17:23:48,448] {logging_mixin.py:104} INFO - [2021-07-16 17:23:48,448] {dagbag.py:496} INFO - Filling up the DagBag from /home/airflow/.local/lib/python3.6/site-packages/airflow/example_dags/example_branch_labels.py
[2021-07-16 17:23:48,461] {scheduler_job.py:642} INFO - DAG(s) dict_keys(['example_branch_labels']) retrieved from /home/airflow/.local/lib/python3.6/site-packages/airflow/example_dags/example_branch_labels.py
[2021-07-16 17:23:48,481] {logging_mixin.py:104} INFO - [2021-07-16 17:23:48,481] {dag.py:1833} INFO - Sync 1 DAGs
[2021-07-16 17:23:48,501] {logging_mixin.py:104} INFO - [2021-07-16 17:23:48,501] {dag.py:2306} INFO - Setting next_dagrun for example_branch_labels to 2021-07-14 00:00:00+00:00
[2021-07-16 17:23:48,512] {scheduler_job.py:189} INFO - Processing /home/airflow/.local/lib/python3.6/site-packages/airflow/example_dags/example_branch_labels.py took 0.068 seconds
[2021-07-16 17:24:18,657] {scheduler_job.py:181} INFO - Started process (PID=628) to work on /home/airflow/.local/lib/python3.6/site-packages/airflow/example_dags/example_branch_labels.py
[2021-07-16 17:24:18,658] {scheduler_job.py:632} INFO - Processing file /home/airflow/.local/lib/python3.6/site-packages/airflow/example_dags/example_branch_labels.py for tasks to queue
[2021-07-16 17:24:18,660] {logging_mixin.py:104} INFO - [2021-07-16 17:24:18,659] {dagbag.py:496} INFO - Filling up the DagBag from /home/airflow/.local/lib/python3.6/site-packages/airflow/example_dags/example_branch_labels.py
[2021-07-16 17:24:18,670] {scheduler_job.py:642} INFO - DAG(s) dict_keys(['example_branch_labels']) retrieved from /home/airflow/.local/lib/python3.6/site-packages/airflow/example_dags/example_branch_labels.py
[2021-07-16 17:24:18,689] {logging_mixin.py:104} INFO - [2021-07-16 17:24:18,689] {dag.py:1833} INFO - Sync 1 DAGs
[2021-07-16 17:24:18,704] {logging_mixin.py:104} INFO - [2021-07-16 17:24:18,704] {dag.py:2306} INFO - Setting next_dagrun for example_branch_labels to 2021-07-14 00:00:00+00:00
[2021-07-16 17:24:18,712] {scheduler_job.py:189} INFO - Processing /home/airflow/.local/lib/python3.6/site-packages/airflow/example_dags/example_branch_labels.py took 0.058 seconds
[2021-07-16 17:24:49,216] {scheduler_job.py:181} INFO - Started process (PID=690) to work on /home/airflow/.local/lib/python3.6/site-packages/airflow/example_dags/example_branch_labels.py
[2021-07-16 17:24:49,218] {scheduler_job.py:632} INFO - Processing file /home/airflow/.local/lib/python3.6/site-packages/airflow/example_dags/example_branch_labels.py for tasks to queue
[2021-07-16 17:24:49,219] {logging_mixin.py:104} INFO - [2021-07-16 17:24:49,219] {dagbag.py:496} INFO - Filling up the DagBag from /home/airflow/.local/lib/python3.6/site-packages/airflow/example_dags/example_branch_labels.py
[2021-07-16 17:24:49,233] {scheduler_job.py:642} INFO - DAG(s) dict_keys(['example_branch_labels']) retrieved from /home/airflow/.local/lib/python3.6/site-packages/airflow/example_dags/example_branch_labels.py
[2021-07-16 17:24:49,256] {logging_mixin.py:104} INFO - [2021-07-16 17:24:49,256] {dag.py:1833} INFO - Sync 1 DAGs
[2021-07-16 17:24:49,278] {logging_mixin.py:104} INFO - [2021-07-16 17:24:49,278] {dag.py:2306} INFO - Setting next_dagrun for example_branch_labels to 2021-07-14 00:00:00+00:00
[2021-07-16 17:24:49,287] {scheduler_job.py:189} INFO - Processing /home/airflow/.local/lib/python3.6/site-packages/airflow/example_dags/example_branch_labels.py took 0.074 seconds
[2021-07-16 17:25:19,740] {scheduler_job.py:181} INFO - Started process (PID=751) to work on /home/airflow/.local/lib/python3.6/site-packages/airflow/example_dags/example_branch_labels.py
[2021-07-16 17:25:19,742] {scheduler_job.py:632} INFO - Processing file /home/airflow/.local/lib/python3.6/site-packages/airflow/example_dags/example_branch_labels.py for tasks to queue
[2021-07-16 17:25:19,743] {logging_mixin.py:104} INFO - [2021-07-16 17:25:19,743] {dagbag.py:496} INFO - Filling up the DagBag from /home/airflow/.local/lib/python3.6/site-packages/airflow/example_dags/example_branch_labels.py
[2021-07-16 17:25:19,759] {scheduler_job.py:642} INFO - DAG(s) dict_keys(['example_branch_labels']) retrieved from /home/airflow/.local/lib/python3.6/site-packages/airflow/example_dags/example_branch_labels.py
[2021-07-16 17:25:19,792] {logging_mixin.py:104} INFO - [2021-07-16 17:25:19,792] {dag.py:1833} INFO - Sync 1 DAGs
[2021-07-16 17:25:19,847] {logging_mixin.py:104} INFO - [2021-07-16 17:25:19,847] {dag.py:2306} INFO - Setting next_dagrun for example_branch_labels to 2021-07-14 00:00:00+00:00
[2021-07-16 17:25:19,881] {scheduler_job.py:189} INFO - Processing /home/airflow/.local/lib/python3.6/site-packages/airflow/example_dags/example_branch_labels.py took 0.145 seconds
[2021-07-16 17:25:50,551] {scheduler_job.py:181} INFO - Started process (PID=803) to work on /home/airflow/.local/lib/python3.6/site-packages/airflow/example_dags/example_branch_labels.py
[2021-07-16 17:25:50,552] {scheduler_job.py:632} INFO - Processing file /home/airflow/.local/lib/python3.6/site-packages/airflow/example_dags/example_branch_labels.py for tasks to queue
[2021-07-16 17:25:50,553] {logging_mixin.py:104} INFO - [2021-07-16 17:25:50,553] {dagbag.py:496} INFO - Filling up the DagBag from /home/airflow/.local/lib/python3.6/site-packages/airflow/example_dags/example_branch_labels.py
[2021-07-16 17:25:50,564] {scheduler_job.py:642} INFO - DAG(s) dict_keys(['example_branch_labels']) retrieved from /home/airflow/.local/lib/python3.6/site-packages/airflow/example_dags/example_branch_labels.py
[2021-07-16 17:25:50,583] {logging_mixin.py:104} INFO - [2021-07-16 17:25:50,582] {dag.py:1833} INFO - Sync 1 DAGs
[2021-07-16 17:25:50,599] {logging_mixin.py:104} INFO - [2021-07-16 17:25:50,599] {dag.py:2306} INFO - Setting next_dagrun for example_branch_labels to 2021-07-14 00:00:00+00:00
[2021-07-16 17:25:50,607] {scheduler_job.py:189} INFO - Processing /home/airflow/.local/lib/python3.6/site-packages/airflow/example_dags/example_branch_labels.py took 0.059 seconds
[2021-07-16 17:26:20,832] {scheduler_job.py:181} INFO - Started process (PID=865) to work on /home/airflow/.local/lib/python3.6/site-packages/airflow/example_dags/example_branch_labels.py
[2021-07-16 17:26:20,833] {scheduler_job.py:632} INFO - Processing file /home/airflow/.local/lib/python3.6/site-packages/airflow/example_dags/example_branch_labels.py for tasks to queue
[2021-07-16 17:26:20,834] {logging_mixin.py:104} INFO - [2021-07-16 17:26:20,834] {dagbag.py:496} INFO - Filling up the DagBag from /home/airflow/.local/lib/python3.6/site-packages/airflow/example_dags/example_branch_labels.py
[2021-07-16 17:26:20,845] {scheduler_job.py:642} INFO - DAG(s) dict_keys(['example_branch_labels']) retrieved from /home/airflow/.local/lib/python3.6/site-packages/airflow/example_dags/example_branch_labels.py
[2021-07-16 17:26:20,864] {logging_mixin.py:104} INFO - [2021-07-16 17:26:20,864] {dag.py:1833} INFO - Sync 1 DAGs
[2021-07-16 17:26:20,880] {logging_mixin.py:104} INFO - [2021-07-16 17:26:20,880] {dag.py:2306} INFO - Setting next_dagrun for example_branch_labels to 2021-07-14 00:00:00+00:00
[2021-07-16 17:26:20,889] {scheduler_job.py:189} INFO - Processing /home/airflow/.local/lib/python3.6/site-packages/airflow/example_dags/example_branch_labels.py took 0.060 seconds
