[2021-07-16 17:22:41,051] {scheduler_job.py:181} INFO - Started process (PID=371) to work on /home/airflow/.local/lib/python3.6/site-packages/airflow/example_dags/example_latest_only_with_trigger.py
[2021-07-16 17:22:41,052] {scheduler_job.py:632} INFO - Processing file /home/airflow/.local/lib/python3.6/site-packages/airflow/example_dags/example_latest_only_with_trigger.py for tasks to queue
[2021-07-16 17:22:41,053] {logging_mixin.py:104} INFO - [2021-07-16 17:22:41,053] {dagbag.py:496} INFO - Filling up the DagBag from /home/airflow/.local/lib/python3.6/site-packages/airflow/example_dags/example_latest_only_with_trigger.py
[2021-07-16 17:22:41,064] {scheduler_job.py:642} INFO - DAG(s) dict_keys(['latest_only_with_trigger']) retrieved from /home/airflow/.local/lib/python3.6/site-packages/airflow/example_dags/example_latest_only_with_trigger.py
[2021-07-16 17:22:43,073] {logging_mixin.py:104} INFO - [2021-07-16 17:22:43,073] {dag.py:1833} INFO - Sync 1 DAGs
[2021-07-16 17:22:43,083] {logging_mixin.py:104} INFO - [2021-07-16 17:22:43,082] {dag.py:1852} INFO - Creating ORM DAG for latest_only_with_trigger
[2021-07-16 17:22:43,087] {logging_mixin.py:104} INFO - [2021-07-16 17:22:43,087] {dag.py:2306} INFO - Setting next_dagrun for latest_only_with_trigger to 2021-07-14 00:00:00+00:00
[2021-07-16 17:22:43,097] {scheduler_job.py:189} INFO - Processing /home/airflow/.local/lib/python3.6/site-packages/airflow/example_dags/example_latest_only_with_trigger.py took 2.049 seconds
[2021-07-16 17:23:13,769] {scheduler_job.py:181} INFO - Started process (PID=506) to work on /home/airflow/.local/lib/python3.6/site-packages/airflow/example_dags/example_latest_only_with_trigger.py
[2021-07-16 17:23:13,770] {scheduler_job.py:632} INFO - Processing file /home/airflow/.local/lib/python3.6/site-packages/airflow/example_dags/example_latest_only_with_trigger.py for tasks to queue
[2021-07-16 17:23:13,771] {logging_mixin.py:104} INFO - [2021-07-16 17:23:13,771] {dagbag.py:496} INFO - Filling up the DagBag from /home/airflow/.local/lib/python3.6/site-packages/airflow/example_dags/example_latest_only_with_trigger.py
[2021-07-16 17:23:13,783] {scheduler_job.py:642} INFO - DAG(s) dict_keys(['latest_only_with_trigger']) retrieved from /home/airflow/.local/lib/python3.6/site-packages/airflow/example_dags/example_latest_only_with_trigger.py
[2021-07-16 17:23:13,803] {logging_mixin.py:104} INFO - [2021-07-16 17:23:13,803] {dag.py:1833} INFO - Sync 1 DAGs
[2021-07-16 17:23:13,821] {logging_mixin.py:104} INFO - [2021-07-16 17:23:13,820] {dag.py:2306} INFO - Setting next_dagrun for latest_only_with_trigger to 2021-07-14 00:00:00+00:00
[2021-07-16 17:23:13,836] {scheduler_job.py:189} INFO - Processing /home/airflow/.local/lib/python3.6/site-packages/airflow/example_dags/example_latest_only_with_trigger.py took 0.070 seconds
[2021-07-16 17:23:44,121] {scheduler_job.py:181} INFO - Started process (PID=565) to work on /home/airflow/.local/lib/python3.6/site-packages/airflow/example_dags/example_latest_only_with_trigger.py
[2021-07-16 17:23:44,123] {scheduler_job.py:632} INFO - Processing file /home/airflow/.local/lib/python3.6/site-packages/airflow/example_dags/example_latest_only_with_trigger.py for tasks to queue
[2021-07-16 17:23:44,124] {logging_mixin.py:104} INFO - [2021-07-16 17:23:44,124] {dagbag.py:496} INFO - Filling up the DagBag from /home/airflow/.local/lib/python3.6/site-packages/airflow/example_dags/example_latest_only_with_trigger.py
[2021-07-16 17:23:44,137] {scheduler_job.py:642} INFO - DAG(s) dict_keys(['latest_only_with_trigger']) retrieved from /home/airflow/.local/lib/python3.6/site-packages/airflow/example_dags/example_latest_only_with_trigger.py
[2021-07-16 17:23:44,160] {logging_mixin.py:104} INFO - [2021-07-16 17:23:44,160] {dag.py:1833} INFO - Sync 1 DAGs
[2021-07-16 17:23:44,177] {logging_mixin.py:104} INFO - [2021-07-16 17:23:44,177] {dag.py:2306} INFO - Setting next_dagrun for latest_only_with_trigger to 2021-07-14 00:00:00+00:00
[2021-07-16 17:23:44,190] {scheduler_job.py:189} INFO - Processing /home/airflow/.local/lib/python3.6/site-packages/airflow/example_dags/example_latest_only_with_trigger.py took 0.073 seconds
[2021-07-16 17:24:14,426] {scheduler_job.py:181} INFO - Started process (PID=621) to work on /home/airflow/.local/lib/python3.6/site-packages/airflow/example_dags/example_latest_only_with_trigger.py
[2021-07-16 17:24:14,428] {scheduler_job.py:632} INFO - Processing file /home/airflow/.local/lib/python3.6/site-packages/airflow/example_dags/example_latest_only_with_trigger.py for tasks to queue
[2021-07-16 17:24:14,429] {logging_mixin.py:104} INFO - [2021-07-16 17:24:14,429] {dagbag.py:496} INFO - Filling up the DagBag from /home/airflow/.local/lib/python3.6/site-packages/airflow/example_dags/example_latest_only_with_trigger.py
[2021-07-16 17:24:14,442] {scheduler_job.py:642} INFO - DAG(s) dict_keys(['latest_only_with_trigger']) retrieved from /home/airflow/.local/lib/python3.6/site-packages/airflow/example_dags/example_latest_only_with_trigger.py
[2021-07-16 17:24:14,463] {logging_mixin.py:104} INFO - [2021-07-16 17:24:14,463] {dag.py:1833} INFO - Sync 1 DAGs
[2021-07-16 17:24:14,479] {logging_mixin.py:104} INFO - [2021-07-16 17:24:14,478] {dag.py:2306} INFO - Setting next_dagrun for latest_only_with_trigger to 2021-07-14 00:00:00+00:00
[2021-07-16 17:24:14,490] {scheduler_job.py:189} INFO - Processing /home/airflow/.local/lib/python3.6/site-packages/airflow/example_dags/example_latest_only_with_trigger.py took 0.067 seconds
[2021-07-16 17:24:44,870] {scheduler_job.py:181} INFO - Started process (PID=683) to work on /home/airflow/.local/lib/python3.6/site-packages/airflow/example_dags/example_latest_only_with_trigger.py
[2021-07-16 17:24:44,871] {scheduler_job.py:632} INFO - Processing file /home/airflow/.local/lib/python3.6/site-packages/airflow/example_dags/example_latest_only_with_trigger.py for tasks to queue
[2021-07-16 17:24:44,873] {logging_mixin.py:104} INFO - [2021-07-16 17:24:44,872] {dagbag.py:496} INFO - Filling up the DagBag from /home/airflow/.local/lib/python3.6/site-packages/airflow/example_dags/example_latest_only_with_trigger.py
[2021-07-16 17:24:44,890] {scheduler_job.py:642} INFO - DAG(s) dict_keys(['latest_only_with_trigger']) retrieved from /home/airflow/.local/lib/python3.6/site-packages/airflow/example_dags/example_latest_only_with_trigger.py
[2021-07-16 17:24:44,924] {logging_mixin.py:104} INFO - [2021-07-16 17:24:44,924] {dag.py:1833} INFO - Sync 1 DAGs
[2021-07-16 17:24:44,948] {logging_mixin.py:104} INFO - [2021-07-16 17:24:44,947] {dag.py:2306} INFO - Setting next_dagrun for latest_only_with_trigger to 2021-07-14 00:00:00+00:00
[2021-07-16 17:24:44,961] {scheduler_job.py:189} INFO - Processing /home/airflow/.local/lib/python3.6/site-packages/airflow/example_dags/example_latest_only_with_trigger.py took 0.095 seconds
[2021-07-16 17:25:15,339] {scheduler_job.py:181} INFO - Started process (PID=734) to work on /home/airflow/.local/lib/python3.6/site-packages/airflow/example_dags/example_latest_only_with_trigger.py
[2021-07-16 17:25:15,340] {scheduler_job.py:632} INFO - Processing file /home/airflow/.local/lib/python3.6/site-packages/airflow/example_dags/example_latest_only_with_trigger.py for tasks to queue
[2021-07-16 17:25:15,341] {logging_mixin.py:104} INFO - [2021-07-16 17:25:15,341] {dagbag.py:496} INFO - Filling up the DagBag from /home/airflow/.local/lib/python3.6/site-packages/airflow/example_dags/example_latest_only_with_trigger.py
[2021-07-16 17:25:15,350] {scheduler_job.py:642} INFO - DAG(s) dict_keys(['latest_only_with_trigger']) retrieved from /home/airflow/.local/lib/python3.6/site-packages/airflow/example_dags/example_latest_only_with_trigger.py
[2021-07-16 17:25:15,369] {logging_mixin.py:104} INFO - [2021-07-16 17:25:15,369] {dag.py:1833} INFO - Sync 1 DAGs
[2021-07-16 17:25:15,382] {logging_mixin.py:104} INFO - [2021-07-16 17:25:15,382] {dag.py:2306} INFO - Setting next_dagrun for latest_only_with_trigger to 2021-07-14 00:00:00+00:00
[2021-07-16 17:25:15,395] {scheduler_job.py:189} INFO - Processing /home/airflow/.local/lib/python3.6/site-packages/airflow/example_dags/example_latest_only_with_trigger.py took 0.059 seconds
[2021-07-16 17:25:46,157] {scheduler_job.py:181} INFO - Started process (PID=796) to work on /home/airflow/.local/lib/python3.6/site-packages/airflow/example_dags/example_latest_only_with_trigger.py
[2021-07-16 17:25:46,158] {scheduler_job.py:632} INFO - Processing file /home/airflow/.local/lib/python3.6/site-packages/airflow/example_dags/example_latest_only_with_trigger.py for tasks to queue
[2021-07-16 17:25:46,159] {logging_mixin.py:104} INFO - [2021-07-16 17:25:46,159] {dagbag.py:496} INFO - Filling up the DagBag from /home/airflow/.local/lib/python3.6/site-packages/airflow/example_dags/example_latest_only_with_trigger.py
[2021-07-16 17:25:46,172] {scheduler_job.py:642} INFO - DAG(s) dict_keys(['latest_only_with_trigger']) retrieved from /home/airflow/.local/lib/python3.6/site-packages/airflow/example_dags/example_latest_only_with_trigger.py
[2021-07-16 17:25:46,194] {logging_mixin.py:104} INFO - [2021-07-16 17:25:46,194] {dag.py:1833} INFO - Sync 1 DAGs
[2021-07-16 17:25:46,212] {logging_mixin.py:104} INFO - [2021-07-16 17:25:46,211] {dag.py:2306} INFO - Setting next_dagrun for latest_only_with_trigger to 2021-07-14 00:00:00+00:00
[2021-07-16 17:25:46,228] {scheduler_job.py:189} INFO - Processing /home/airflow/.local/lib/python3.6/site-packages/airflow/example_dags/example_latest_only_with_trigger.py took 0.074 seconds
[2021-07-16 17:26:16,485] {scheduler_job.py:181} INFO - Started process (PID=847) to work on /home/airflow/.local/lib/python3.6/site-packages/airflow/example_dags/example_latest_only_with_trigger.py
[2021-07-16 17:26:16,486] {scheduler_job.py:632} INFO - Processing file /home/airflow/.local/lib/python3.6/site-packages/airflow/example_dags/example_latest_only_with_trigger.py for tasks to queue
[2021-07-16 17:26:16,487] {logging_mixin.py:104} INFO - [2021-07-16 17:26:16,487] {dagbag.py:496} INFO - Filling up the DagBag from /home/airflow/.local/lib/python3.6/site-packages/airflow/example_dags/example_latest_only_with_trigger.py
[2021-07-16 17:26:16,498] {scheduler_job.py:642} INFO - DAG(s) dict_keys(['latest_only_with_trigger']) retrieved from /home/airflow/.local/lib/python3.6/site-packages/airflow/example_dags/example_latest_only_with_trigger.py
[2021-07-16 17:26:16,521] {logging_mixin.py:104} INFO - [2021-07-16 17:26:16,521] {dag.py:1833} INFO - Sync 1 DAGs
[2021-07-16 17:26:16,540] {logging_mixin.py:104} INFO - [2021-07-16 17:26:16,540] {dag.py:2306} INFO - Setting next_dagrun for latest_only_with_trigger to 2021-07-14 00:00:00+00:00
[2021-07-16 17:26:16,560] {scheduler_job.py:189} INFO - Processing /home/airflow/.local/lib/python3.6/site-packages/airflow/example_dags/example_latest_only_with_trigger.py took 0.078 seconds
