[2021-07-16 17:22:45,180] {scheduler_job.py:181} INFO - Started process (PID=422) to work on /home/airflow/.local/lib/python3.6/site-packages/airflow/example_dags/example_external_task_marker_dag.py
[2021-07-16 17:22:45,181] {scheduler_job.py:632} INFO - Processing file /home/airflow/.local/lib/python3.6/site-packages/airflow/example_dags/example_external_task_marker_dag.py for tasks to queue
[2021-07-16 17:22:45,182] {logging_mixin.py:104} INFO - [2021-07-16 17:22:45,182] {dagbag.py:496} INFO - Filling up the DagBag from /home/airflow/.local/lib/python3.6/site-packages/airflow/example_dags/example_external_task_marker_dag.py
[2021-07-16 17:22:45,195] {scheduler_job.py:642} INFO - DAG(s) dict_keys(['example_external_task_marker_parent', 'example_external_task_marker_child']) retrieved from /home/airflow/.local/lib/python3.6/site-packages/airflow/example_dags/example_external_task_marker_dag.py
[2021-07-16 17:22:47,437] {logging_mixin.py:104} INFO - [2021-07-16 17:22:47,437] {dag.py:1833} INFO - Sync 2 DAGs
[2021-07-16 17:22:47,451] {logging_mixin.py:104} INFO - [2021-07-16 17:22:47,449] {dag.py:1852} INFO - Creating ORM DAG for example_external_task_marker_child
[2021-07-16 17:22:47,452] {logging_mixin.py:104} INFO - [2021-07-16 17:22:47,452] {dag.py:1852} INFO - Creating ORM DAG for example_external_task_marker_parent
[2021-07-16 17:22:47,457] {logging_mixin.py:104} INFO - [2021-07-16 17:22:47,457] {dag.py:2306} INFO - Setting next_dagrun for example_external_task_marker_child to None
[2021-07-16 17:22:47,458] {logging_mixin.py:104} INFO - [2021-07-16 17:22:47,458] {dag.py:2306} INFO - Setting next_dagrun for example_external_task_marker_parent to None
[2021-07-16 17:22:47,472] {scheduler_job.py:189} INFO - Processing /home/airflow/.local/lib/python3.6/site-packages/airflow/example_dags/example_external_task_marker_dag.py took 2.295 seconds
[2021-07-16 17:23:18,101] {scheduler_job.py:181} INFO - Started process (PID=514) to work on /home/airflow/.local/lib/python3.6/site-packages/airflow/example_dags/example_external_task_marker_dag.py
[2021-07-16 17:23:18,102] {scheduler_job.py:632} INFO - Processing file /home/airflow/.local/lib/python3.6/site-packages/airflow/example_dags/example_external_task_marker_dag.py for tasks to queue
[2021-07-16 17:23:18,103] {logging_mixin.py:104} INFO - [2021-07-16 17:23:18,103] {dagbag.py:496} INFO - Filling up the DagBag from /home/airflow/.local/lib/python3.6/site-packages/airflow/example_dags/example_external_task_marker_dag.py
[2021-07-16 17:23:18,113] {scheduler_job.py:642} INFO - DAG(s) dict_keys(['example_external_task_marker_parent', 'example_external_task_marker_child']) retrieved from /home/airflow/.local/lib/python3.6/site-packages/airflow/example_dags/example_external_task_marker_dag.py
[2021-07-16 17:23:18,135] {logging_mixin.py:104} INFO - [2021-07-16 17:23:18,135] {dag.py:1833} INFO - Sync 2 DAGs
[2021-07-16 17:23:18,149] {logging_mixin.py:104} INFO - [2021-07-16 17:23:18,148] {dag.py:2306} INFO - Setting next_dagrun for example_external_task_marker_child to None
[2021-07-16 17:23:18,150] {logging_mixin.py:104} INFO - [2021-07-16 17:23:18,150] {dag.py:2306} INFO - Setting next_dagrun for example_external_task_marker_parent to None
[2021-07-16 17:23:18,161] {scheduler_job.py:189} INFO - Processing /home/airflow/.local/lib/python3.6/site-packages/airflow/example_dags/example_external_task_marker_dag.py took 0.063 seconds
[2021-07-16 17:23:48,466] {scheduler_job.py:181} INFO - Started process (PID=577) to work on /home/airflow/.local/lib/python3.6/site-packages/airflow/example_dags/example_external_task_marker_dag.py
[2021-07-16 17:23:48,467] {scheduler_job.py:632} INFO - Processing file /home/airflow/.local/lib/python3.6/site-packages/airflow/example_dags/example_external_task_marker_dag.py for tasks to queue
[2021-07-16 17:23:48,468] {logging_mixin.py:104} INFO - [2021-07-16 17:23:48,468] {dagbag.py:496} INFO - Filling up the DagBag from /home/airflow/.local/lib/python3.6/site-packages/airflow/example_dags/example_external_task_marker_dag.py
[2021-07-16 17:23:48,479] {scheduler_job.py:642} INFO - DAG(s) dict_keys(['example_external_task_marker_parent', 'example_external_task_marker_child']) retrieved from /home/airflow/.local/lib/python3.6/site-packages/airflow/example_dags/example_external_task_marker_dag.py
[2021-07-16 17:23:48,504] {logging_mixin.py:104} INFO - [2021-07-16 17:23:48,503] {dag.py:1833} INFO - Sync 2 DAGs
[2021-07-16 17:23:48,522] {logging_mixin.py:104} INFO - [2021-07-16 17:23:48,522] {dag.py:2306} INFO - Setting next_dagrun for example_external_task_marker_child to None
[2021-07-16 17:23:48,523] {logging_mixin.py:104} INFO - [2021-07-16 17:23:48,523] {dag.py:2306} INFO - Setting next_dagrun for example_external_task_marker_parent to None
[2021-07-16 17:23:48,534] {scheduler_job.py:189} INFO - Processing /home/airflow/.local/lib/python3.6/site-packages/airflow/example_dags/example_external_task_marker_dag.py took 0.071 seconds
[2021-07-16 17:24:18,667] {scheduler_job.py:181} INFO - Started process (PID=629) to work on /home/airflow/.local/lib/python3.6/site-packages/airflow/example_dags/example_external_task_marker_dag.py
[2021-07-16 17:24:18,668] {scheduler_job.py:632} INFO - Processing file /home/airflow/.local/lib/python3.6/site-packages/airflow/example_dags/example_external_task_marker_dag.py for tasks to queue
[2021-07-16 17:24:18,669] {logging_mixin.py:104} INFO - [2021-07-16 17:24:18,669] {dagbag.py:496} INFO - Filling up the DagBag from /home/airflow/.local/lib/python3.6/site-packages/airflow/example_dags/example_external_task_marker_dag.py
[2021-07-16 17:24:18,680] {scheduler_job.py:642} INFO - DAG(s) dict_keys(['example_external_task_marker_parent', 'example_external_task_marker_child']) retrieved from /home/airflow/.local/lib/python3.6/site-packages/airflow/example_dags/example_external_task_marker_dag.py
[2021-07-16 17:24:18,862] {logging_mixin.py:104} INFO - [2021-07-16 17:24:18,862] {dag.py:1833} INFO - Sync 2 DAGs
[2021-07-16 17:24:18,873] {logging_mixin.py:104} INFO - [2021-07-16 17:24:18,873] {dag.py:2306} INFO - Setting next_dagrun for example_external_task_marker_child to None
[2021-07-16 17:24:18,874] {logging_mixin.py:104} INFO - [2021-07-16 17:24:18,874] {dag.py:2306} INFO - Setting next_dagrun for example_external_task_marker_parent to None
[2021-07-16 17:24:18,884] {scheduler_job.py:189} INFO - Processing /home/airflow/.local/lib/python3.6/site-packages/airflow/example_dags/example_external_task_marker_dag.py took 0.219 seconds
[2021-07-16 17:24:49,244] {scheduler_job.py:181} INFO - Started process (PID=691) to work on /home/airflow/.local/lib/python3.6/site-packages/airflow/example_dags/example_external_task_marker_dag.py
[2021-07-16 17:24:49,246] {scheduler_job.py:632} INFO - Processing file /home/airflow/.local/lib/python3.6/site-packages/airflow/example_dags/example_external_task_marker_dag.py for tasks to queue
[2021-07-16 17:24:49,246] {logging_mixin.py:104} INFO - [2021-07-16 17:24:49,246] {dagbag.py:496} INFO - Filling up the DagBag from /home/airflow/.local/lib/python3.6/site-packages/airflow/example_dags/example_external_task_marker_dag.py
[2021-07-16 17:24:49,259] {scheduler_job.py:642} INFO - DAG(s) dict_keys(['example_external_task_marker_parent', 'example_external_task_marker_child']) retrieved from /home/airflow/.local/lib/python3.6/site-packages/airflow/example_dags/example_external_task_marker_dag.py
[2021-07-16 17:24:49,499] {logging_mixin.py:104} INFO - [2021-07-16 17:24:49,499] {dag.py:1833} INFO - Sync 2 DAGs
[2021-07-16 17:24:49,514] {logging_mixin.py:104} INFO - [2021-07-16 17:24:49,514] {dag.py:2306} INFO - Setting next_dagrun for example_external_task_marker_child to None
[2021-07-16 17:24:49,515] {logging_mixin.py:104} INFO - [2021-07-16 17:24:49,515] {dag.py:2306} INFO - Setting next_dagrun for example_external_task_marker_parent to None
[2021-07-16 17:24:49,528] {scheduler_job.py:189} INFO - Processing /home/airflow/.local/lib/python3.6/site-packages/airflow/example_dags/example_external_task_marker_dag.py took 0.287 seconds
[2021-07-16 17:25:19,907] {scheduler_job.py:181} INFO - Started process (PID=754) to work on /home/airflow/.local/lib/python3.6/site-packages/airflow/example_dags/example_external_task_marker_dag.py
[2021-07-16 17:25:19,909] {scheduler_job.py:632} INFO - Processing file /home/airflow/.local/lib/python3.6/site-packages/airflow/example_dags/example_external_task_marker_dag.py for tasks to queue
[2021-07-16 17:25:19,911] {logging_mixin.py:104} INFO - [2021-07-16 17:25:19,911] {dagbag.py:496} INFO - Filling up the DagBag from /home/airflow/.local/lib/python3.6/site-packages/airflow/example_dags/example_external_task_marker_dag.py
[2021-07-16 17:25:19,932] {scheduler_job.py:642} INFO - DAG(s) dict_keys(['example_external_task_marker_parent', 'example_external_task_marker_child']) retrieved from /home/airflow/.local/lib/python3.6/site-packages/airflow/example_dags/example_external_task_marker_dag.py
[2021-07-16 17:25:19,968] {logging_mixin.py:104} INFO - [2021-07-16 17:25:19,968] {dag.py:1833} INFO - Sync 2 DAGs
[2021-07-16 17:25:19,992] {logging_mixin.py:104} INFO - [2021-07-16 17:25:19,992] {dag.py:2306} INFO - Setting next_dagrun for example_external_task_marker_child to None
[2021-07-16 17:25:19,993] {logging_mixin.py:104} INFO - [2021-07-16 17:25:19,993] {dag.py:2306} INFO - Setting next_dagrun for example_external_task_marker_parent to None
[2021-07-16 17:25:20,012] {scheduler_job.py:189} INFO - Processing /home/airflow/.local/lib/python3.6/site-packages/airflow/example_dags/example_external_task_marker_dag.py took 0.109 seconds
[2021-07-16 17:25:50,622] {scheduler_job.py:181} INFO - Started process (PID=805) to work on /home/airflow/.local/lib/python3.6/site-packages/airflow/example_dags/example_external_task_marker_dag.py
[2021-07-16 17:25:50,624] {scheduler_job.py:632} INFO - Processing file /home/airflow/.local/lib/python3.6/site-packages/airflow/example_dags/example_external_task_marker_dag.py for tasks to queue
[2021-07-16 17:25:50,625] {logging_mixin.py:104} INFO - [2021-07-16 17:25:50,624] {dagbag.py:496} INFO - Filling up the DagBag from /home/airflow/.local/lib/python3.6/site-packages/airflow/example_dags/example_external_task_marker_dag.py
[2021-07-16 17:25:50,637] {scheduler_job.py:642} INFO - DAG(s) dict_keys(['example_external_task_marker_parent', 'example_external_task_marker_child']) retrieved from /home/airflow/.local/lib/python3.6/site-packages/airflow/example_dags/example_external_task_marker_dag.py
[2021-07-16 17:25:50,658] {logging_mixin.py:104} INFO - [2021-07-16 17:25:50,658] {dag.py:1833} INFO - Sync 2 DAGs
[2021-07-16 17:25:50,673] {logging_mixin.py:104} INFO - [2021-07-16 17:25:50,673] {dag.py:2306} INFO - Setting next_dagrun for example_external_task_marker_child to None
[2021-07-16 17:25:50,674] {logging_mixin.py:104} INFO - [2021-07-16 17:25:50,674] {dag.py:2306} INFO - Setting next_dagrun for example_external_task_marker_parent to None
[2021-07-16 17:25:50,686] {scheduler_job.py:189} INFO - Processing /home/airflow/.local/lib/python3.6/site-packages/airflow/example_dags/example_external_task_marker_dag.py took 0.066 seconds
[2021-07-16 17:26:20,924] {scheduler_job.py:181} INFO - Started process (PID=868) to work on /home/airflow/.local/lib/python3.6/site-packages/airflow/example_dags/example_external_task_marker_dag.py
[2021-07-16 17:26:20,926] {scheduler_job.py:632} INFO - Processing file /home/airflow/.local/lib/python3.6/site-packages/airflow/example_dags/example_external_task_marker_dag.py for tasks to queue
[2021-07-16 17:26:20,927] {logging_mixin.py:104} INFO - [2021-07-16 17:26:20,927] {dagbag.py:496} INFO - Filling up the DagBag from /home/airflow/.local/lib/python3.6/site-packages/airflow/example_dags/example_external_task_marker_dag.py
[2021-07-16 17:26:20,938] {scheduler_job.py:642} INFO - DAG(s) dict_keys(['example_external_task_marker_parent', 'example_external_task_marker_child']) retrieved from /home/airflow/.local/lib/python3.6/site-packages/airflow/example_dags/example_external_task_marker_dag.py
[2021-07-16 17:26:21,193] {logging_mixin.py:104} INFO - [2021-07-16 17:26:21,193] {dag.py:1833} INFO - Sync 2 DAGs
[2021-07-16 17:26:21,206] {logging_mixin.py:104} INFO - [2021-07-16 17:26:21,206] {dag.py:2306} INFO - Setting next_dagrun for example_external_task_marker_child to None
[2021-07-16 17:26:21,208] {logging_mixin.py:104} INFO - [2021-07-16 17:26:21,208] {dag.py:2306} INFO - Setting next_dagrun for example_external_task_marker_parent to None
[2021-07-16 17:26:21,221] {scheduler_job.py:189} INFO - Processing /home/airflow/.local/lib/python3.6/site-packages/airflow/example_dags/example_external_task_marker_dag.py took 0.299 seconds
