[2021-07-16 17:22:20,445] {scheduler_job.py:181} INFO - Started process (PID=141) to work on /home/airflow/.local/lib/python3.6/site-packages/airflow/example_dags/tutorial_etl_dag.py
[2021-07-16 17:22:20,447] {scheduler_job.py:632} INFO - Processing file /home/airflow/.local/lib/python3.6/site-packages/airflow/example_dags/tutorial_etl_dag.py for tasks to queue
[2021-07-16 17:22:20,448] {logging_mixin.py:104} INFO - [2021-07-16 17:22:20,448] {dagbag.py:496} INFO - Filling up the DagBag from /home/airflow/.local/lib/python3.6/site-packages/airflow/example_dags/tutorial_etl_dag.py
[2021-07-16 17:22:20,467] {scheduler_job.py:642} INFO - DAG(s) dict_keys(['tutorial_etl_dag']) retrieved from /home/airflow/.local/lib/python3.6/site-packages/airflow/example_dags/tutorial_etl_dag.py
[2021-07-16 17:22:24,154] {logging_mixin.py:104} INFO - [2021-07-16 17:22:24,154] {dag.py:1833} INFO - Sync 1 DAGs
[2021-07-16 17:22:24,170] {logging_mixin.py:104} INFO - [2021-07-16 17:22:24,168] {dag.py:1852} INFO - Creating ORM DAG for tutorial_etl_dag
[2021-07-16 17:22:24,176] {logging_mixin.py:104} INFO - [2021-07-16 17:22:24,176] {dag.py:2306} INFO - Setting next_dagrun for tutorial_etl_dag to None
[2021-07-16 17:22:24,195] {scheduler_job.py:189} INFO - Processing /home/airflow/.local/lib/python3.6/site-packages/airflow/example_dags/tutorial_etl_dag.py took 3.753 seconds
[2021-07-16 17:22:54,977] {scheduler_job.py:181} INFO - Started process (PID=468) to work on /home/airflow/.local/lib/python3.6/site-packages/airflow/example_dags/tutorial_etl_dag.py
[2021-07-16 17:22:54,978] {scheduler_job.py:632} INFO - Processing file /home/airflow/.local/lib/python3.6/site-packages/airflow/example_dags/tutorial_etl_dag.py for tasks to queue
[2021-07-16 17:22:54,979] {logging_mixin.py:104} INFO - [2021-07-16 17:22:54,979] {dagbag.py:496} INFO - Filling up the DagBag from /home/airflow/.local/lib/python3.6/site-packages/airflow/example_dags/tutorial_etl_dag.py
[2021-07-16 17:22:54,990] {scheduler_job.py:642} INFO - DAG(s) dict_keys(['tutorial_etl_dag']) retrieved from /home/airflow/.local/lib/python3.6/site-packages/airflow/example_dags/tutorial_etl_dag.py
[2021-07-16 17:22:55,009] {logging_mixin.py:104} INFO - [2021-07-16 17:22:55,008] {dag.py:1833} INFO - Sync 1 DAGs
[2021-07-16 17:22:55,021] {logging_mixin.py:104} INFO - [2021-07-16 17:22:55,021] {dag.py:2306} INFO - Setting next_dagrun for tutorial_etl_dag to None
[2021-07-16 17:22:55,033] {scheduler_job.py:189} INFO - Processing /home/airflow/.local/lib/python3.6/site-packages/airflow/example_dags/tutorial_etl_dag.py took 0.058 seconds
[2021-07-16 17:23:25,547] {scheduler_job.py:181} INFO - Started process (PID=532) to work on /home/airflow/.local/lib/python3.6/site-packages/airflow/example_dags/tutorial_etl_dag.py
[2021-07-16 17:23:25,549] {scheduler_job.py:632} INFO - Processing file /home/airflow/.local/lib/python3.6/site-packages/airflow/example_dags/tutorial_etl_dag.py for tasks to queue
[2021-07-16 17:23:25,550] {logging_mixin.py:104} INFO - [2021-07-16 17:23:25,550] {dagbag.py:496} INFO - Filling up the DagBag from /home/airflow/.local/lib/python3.6/site-packages/airflow/example_dags/tutorial_etl_dag.py
[2021-07-16 17:23:25,562] {scheduler_job.py:642} INFO - DAG(s) dict_keys(['tutorial_etl_dag']) retrieved from /home/airflow/.local/lib/python3.6/site-packages/airflow/example_dags/tutorial_etl_dag.py
[2021-07-16 17:23:25,580] {logging_mixin.py:104} INFO - [2021-07-16 17:23:25,580] {dag.py:1833} INFO - Sync 1 DAGs
[2021-07-16 17:23:25,595] {logging_mixin.py:104} INFO - [2021-07-16 17:23:25,595] {dag.py:2306} INFO - Setting next_dagrun for tutorial_etl_dag to None
[2021-07-16 17:23:25,607] {scheduler_job.py:189} INFO - Processing /home/airflow/.local/lib/python3.6/site-packages/airflow/example_dags/tutorial_etl_dag.py took 0.062 seconds
[2021-07-16 17:23:55,920] {scheduler_job.py:181} INFO - Started process (PID=594) to work on /home/airflow/.local/lib/python3.6/site-packages/airflow/example_dags/tutorial_etl_dag.py
[2021-07-16 17:23:55,921] {scheduler_job.py:632} INFO - Processing file /home/airflow/.local/lib/python3.6/site-packages/airflow/example_dags/tutorial_etl_dag.py for tasks to queue
[2021-07-16 17:23:55,922] {logging_mixin.py:104} INFO - [2021-07-16 17:23:55,921] {dagbag.py:496} INFO - Filling up the DagBag from /home/airflow/.local/lib/python3.6/site-packages/airflow/example_dags/tutorial_etl_dag.py
[2021-07-16 17:23:55,935] {scheduler_job.py:642} INFO - DAG(s) dict_keys(['tutorial_etl_dag']) retrieved from /home/airflow/.local/lib/python3.6/site-packages/airflow/example_dags/tutorial_etl_dag.py
[2021-07-16 17:23:55,965] {logging_mixin.py:104} INFO - [2021-07-16 17:23:55,965] {dag.py:1833} INFO - Sync 1 DAGs
[2021-07-16 17:23:55,984] {logging_mixin.py:104} INFO - [2021-07-16 17:23:55,984] {dag.py:2306} INFO - Setting next_dagrun for tutorial_etl_dag to None
[2021-07-16 17:23:56,001] {scheduler_job.py:189} INFO - Processing /home/airflow/.local/lib/python3.6/site-packages/airflow/example_dags/tutorial_etl_dag.py took 0.084 seconds
[2021-07-16 17:24:26,265] {scheduler_job.py:181} INFO - Started process (PID=646) to work on /home/airflow/.local/lib/python3.6/site-packages/airflow/example_dags/tutorial_etl_dag.py
[2021-07-16 17:24:26,266] {scheduler_job.py:632} INFO - Processing file /home/airflow/.local/lib/python3.6/site-packages/airflow/example_dags/tutorial_etl_dag.py for tasks to queue
[2021-07-16 17:24:26,267] {logging_mixin.py:104} INFO - [2021-07-16 17:24:26,267] {dagbag.py:496} INFO - Filling up the DagBag from /home/airflow/.local/lib/python3.6/site-packages/airflow/example_dags/tutorial_etl_dag.py
[2021-07-16 17:24:26,277] {scheduler_job.py:642} INFO - DAG(s) dict_keys(['tutorial_etl_dag']) retrieved from /home/airflow/.local/lib/python3.6/site-packages/airflow/example_dags/tutorial_etl_dag.py
[2021-07-16 17:24:26,299] {logging_mixin.py:104} INFO - [2021-07-16 17:24:26,299] {dag.py:1833} INFO - Sync 1 DAGs
[2021-07-16 17:24:26,312] {logging_mixin.py:104} INFO - [2021-07-16 17:24:26,312] {dag.py:2306} INFO - Setting next_dagrun for tutorial_etl_dag to None
[2021-07-16 17:24:26,322] {scheduler_job.py:189} INFO - Processing /home/airflow/.local/lib/python3.6/site-packages/airflow/example_dags/tutorial_etl_dag.py took 0.059 seconds
[2021-07-16 17:24:56,779] {scheduler_job.py:181} INFO - Started process (PID=708) to work on /home/airflow/.local/lib/python3.6/site-packages/airflow/example_dags/tutorial_etl_dag.py
[2021-07-16 17:24:56,781] {scheduler_job.py:632} INFO - Processing file /home/airflow/.local/lib/python3.6/site-packages/airflow/example_dags/tutorial_etl_dag.py for tasks to queue
[2021-07-16 17:24:56,782] {logging_mixin.py:104} INFO - [2021-07-16 17:24:56,782] {dagbag.py:496} INFO - Filling up the DagBag from /home/airflow/.local/lib/python3.6/site-packages/airflow/example_dags/tutorial_etl_dag.py
[2021-07-16 17:24:56,794] {scheduler_job.py:642} INFO - DAG(s) dict_keys(['tutorial_etl_dag']) retrieved from /home/airflow/.local/lib/python3.6/site-packages/airflow/example_dags/tutorial_etl_dag.py
[2021-07-16 17:24:56,818] {logging_mixin.py:104} INFO - [2021-07-16 17:24:56,817] {dag.py:1833} INFO - Sync 1 DAGs
[2021-07-16 17:24:56,833] {logging_mixin.py:104} INFO - [2021-07-16 17:24:56,833] {dag.py:2306} INFO - Setting next_dagrun for tutorial_etl_dag to None
[2021-07-16 17:24:56,846] {scheduler_job.py:189} INFO - Processing /home/airflow/.local/lib/python3.6/site-packages/airflow/example_dags/tutorial_etl_dag.py took 0.070 seconds
[2021-07-16 17:25:27,426] {scheduler_job.py:181} INFO - Started process (PID=759) to work on /home/airflow/.local/lib/python3.6/site-packages/airflow/example_dags/tutorial_etl_dag.py
[2021-07-16 17:25:27,428] {scheduler_job.py:632} INFO - Processing file /home/airflow/.local/lib/python3.6/site-packages/airflow/example_dags/tutorial_etl_dag.py for tasks to queue
[2021-07-16 17:25:27,429] {logging_mixin.py:104} INFO - [2021-07-16 17:25:27,429] {dagbag.py:496} INFO - Filling up the DagBag from /home/airflow/.local/lib/python3.6/site-packages/airflow/example_dags/tutorial_etl_dag.py
[2021-07-16 17:25:27,442] {scheduler_job.py:642} INFO - DAG(s) dict_keys(['tutorial_etl_dag']) retrieved from /home/airflow/.local/lib/python3.6/site-packages/airflow/example_dags/tutorial_etl_dag.py
[2021-07-16 17:25:27,463] {logging_mixin.py:104} INFO - [2021-07-16 17:25:27,463] {dag.py:1833} INFO - Sync 1 DAGs
[2021-07-16 17:25:27,478] {logging_mixin.py:104} INFO - [2021-07-16 17:25:27,478] {dag.py:2306} INFO - Setting next_dagrun for tutorial_etl_dag to None
[2021-07-16 17:25:27,490] {scheduler_job.py:189} INFO - Processing /home/airflow/.local/lib/python3.6/site-packages/airflow/example_dags/tutorial_etl_dag.py took 0.067 seconds
[2021-07-16 17:25:57,817] {scheduler_job.py:181} INFO - Started process (PID=821) to work on /home/airflow/.local/lib/python3.6/site-packages/airflow/example_dags/tutorial_etl_dag.py
[2021-07-16 17:25:57,818] {scheduler_job.py:632} INFO - Processing file /home/airflow/.local/lib/python3.6/site-packages/airflow/example_dags/tutorial_etl_dag.py for tasks to queue
[2021-07-16 17:25:57,819] {logging_mixin.py:104} INFO - [2021-07-16 17:25:57,819] {dagbag.py:496} INFO - Filling up the DagBag from /home/airflow/.local/lib/python3.6/site-packages/airflow/example_dags/tutorial_etl_dag.py
[2021-07-16 17:25:57,832] {scheduler_job.py:642} INFO - DAG(s) dict_keys(['tutorial_etl_dag']) retrieved from /home/airflow/.local/lib/python3.6/site-packages/airflow/example_dags/tutorial_etl_dag.py
[2021-07-16 17:25:57,854] {logging_mixin.py:104} INFO - [2021-07-16 17:25:57,854] {dag.py:1833} INFO - Sync 1 DAGs
[2021-07-16 17:25:57,873] {logging_mixin.py:104} INFO - [2021-07-16 17:25:57,872] {dag.py:2306} INFO - Setting next_dagrun for tutorial_etl_dag to None
[2021-07-16 17:25:57,906] {scheduler_job.py:189} INFO - Processing /home/airflow/.local/lib/python3.6/site-packages/airflow/example_dags/tutorial_etl_dag.py took 0.092 seconds
[2021-07-16 17:26:28,157] {scheduler_job.py:181} INFO - Started process (PID=873) to work on /home/airflow/.local/lib/python3.6/site-packages/airflow/example_dags/tutorial_etl_dag.py
[2021-07-16 17:26:28,159] {scheduler_job.py:632} INFO - Processing file /home/airflow/.local/lib/python3.6/site-packages/airflow/example_dags/tutorial_etl_dag.py for tasks to queue
[2021-07-16 17:26:28,160] {logging_mixin.py:104} INFO - [2021-07-16 17:26:28,160] {dagbag.py:496} INFO - Filling up the DagBag from /home/airflow/.local/lib/python3.6/site-packages/airflow/example_dags/tutorial_etl_dag.py
[2021-07-16 17:26:28,172] {scheduler_job.py:642} INFO - DAG(s) dict_keys(['tutorial_etl_dag']) retrieved from /home/airflow/.local/lib/python3.6/site-packages/airflow/example_dags/tutorial_etl_dag.py
[2021-07-16 17:26:28,193] {logging_mixin.py:104} INFO - [2021-07-16 17:26:28,193] {dag.py:1833} INFO - Sync 1 DAGs
[2021-07-16 17:26:28,208] {logging_mixin.py:104} INFO - [2021-07-16 17:26:28,208] {dag.py:2306} INFO - Setting next_dagrun for tutorial_etl_dag to None
[2021-07-16 17:26:28,219] {scheduler_job.py:189} INFO - Processing /home/airflow/.local/lib/python3.6/site-packages/airflow/example_dags/tutorial_etl_dag.py took 0.065 seconds
